{"meta": {"format": 3, "version": "7.13.2", "timestamp": "2026-02-27T22:27:33.913834", "branch_coverage": false, "show_contexts": false}, "files": {"app/__init__.py": {"executed_lines": [3, 14, 16, 23, 30], "summary": {"covered_lines": 5, "num_statements": 5, "percent_covered": 100.0, "percent_covered_display": "100", "missing_lines": 0, "excluded_lines": 0, "percent_statements_covered": 100.0, "percent_statements_covered_display": "100"}, "missing_lines": [], "excluded_lines": [], "functions": {"": {"executed_lines": [3, 14, 16, 23, 30], "summary": {"covered_lines": 5, "num_statements": 5, "percent_covered": 100.0, "percent_covered_display": "100", "missing_lines": 0, "excluded_lines": 0, "percent_statements_covered": 100.0, "percent_statements_covered_display": "100"}, "missing_lines": [], "excluded_lines": [], "start_line": 1}}, "classes": {"": {"executed_lines": [3, 14, 16, 23, 30], "summary": {"covered_lines": 5, "num_statements": 5, "percent_covered": 100.0, "percent_covered_display": "100", "missing_lines": 0, "excluded_lines": 0, "percent_statements_covered": 100.0, "percent_statements_covered_display": "100"}, "missing_lines": [], "excluded_lines": [], "start_line": 1}}}, "app/api/__init__.py": {"executed_lines": [1, 3], "summary": {"covered_lines": 2, "num_statements": 2, "percent_covered": 100.0, "percent_covered_display": "100", "missing_lines": 0, "excluded_lines": 0, "percent_statements_covered": 100.0, "percent_statements_covered_display": "100"}, "missing_lines": [], "excluded_lines": [], "functions": {"": {"executed_lines": [1, 3], "summary": {"covered_lines": 2, "num_statements": 2, "percent_covered": 100.0, "percent_covered_display": "100", "missing_lines": 0, "excluded_lines": 0, "percent_statements_covered": 100.0, "percent_statements_covered_display": "100"}, "missing_lines": [], "excluded_lines": [], "start_line": 1}}, "classes": {"": {"executed_lines": [1, 3], "summary": {"covered_lines": 2, "num_statements": 2, "percent_covered": 100.0, "percent_covered_display": "100", "missing_lines": 0, "excluded_lines": 0, "percent_statements_covered": 100.0, "percent_statements_covered_display": "100"}, "missing_lines": [], "excluded_lines": [], "start_line": 1}}}, "app/api/cases.py": {"executed_lines": [3, 5, 6, 8, 9, 10, 12, 26, 32, 33, 35, 42, 43, 44, 45, 46, 47, 48, 49, 50, 51, 52, 53, 56, 57, 58, 59, 62, 63, 64, 65, 66, 69, 71, 72, 75, 76, 77, 78, 79, 82, 83, 84, 85, 86, 87, 94, 95, 101, 102, 124, 125, 134, 135, 148, 149, 161, 162, 185, 186, 212, 213, 230, 231, 261, 262, 271, 272, 281, 282, 297, 298, 311, 312, 337, 338, 353, 354, 369, 370, 385, 386, 401, 402], "summary": {"covered_lines": 84, "num_statements": 188, "percent_covered": 44.680851063829785, "percent_covered_display": "45", "missing_lines": 104, "excluded_lines": 0, "percent_statements_covered": 44.680851063829785, "percent_statements_covered_display": "45"}, "missing_lines": [97, 98, 112, 113, 127, 128, 129, 130, 131, 141, 142, 143, 144, 145, 151, 152, 153, 154, 168, 169, 175, 176, 177, 178, 192, 193, 206, 207, 208, 209, 219, 220, 221, 222, 223, 236, 237, 238, 239, 240, 245, 246, 253, 254, 264, 265, 266, 267, 268, 274, 275, 276, 277, 278, 284, 285, 292, 293, 294, 300, 301, 302, 303, 304, 320, 321, 322, 323, 324, 340, 341, 342, 343, 344, 345, 346, 356, 357, 358, 359, 360, 361, 362, 372, 373, 374, 375, 376, 377, 378, 388, 389, 390, 391, 392, 393, 394, 404, 405, 406, 407, 408, 409, 410], "excluded_lines": [], "functions": {"create_case": {"executed_lines": [], "summary": {"covered_lines": 0, "num_statements": 2, "percent_covered": 0.0, "percent_covered_display": "0", "missing_lines": 2, "excluded_lines": 0, "percent_statements_covered": 0.0, "percent_statements_covered_display": "0"}, "missing_lines": [97, 98], "excluded_lines": [], "start_line": 95}, "list_cases": {"executed_lines": [], "summary": {"covered_lines": 0, "num_statements": 2, "percent_covered": 0.0, "percent_covered_display": "0", "missing_lines": 2, "excluded_lines": 0, "percent_statements_covered": 0.0, "percent_statements_covered_display": "0"}, "missing_lines": [112, 113], "excluded_lines": [], "start_line": 102}, "get_case": {"executed_lines": [], "summary": {"covered_lines": 0, "num_statements": 5, "percent_covered": 0.0, "percent_covered_display": "0", "missing_lines": 5, "excluded_lines": 0, "percent_statements_covered": 0.0, "percent_statements_covered_display": "0"}, "missing_lines": [127, 128, 129, 130, 131], "excluded_lines": [], "start_line": 125}, "update_case": {"executed_lines": [], "summary": {"covered_lines": 0, "num_statements": 5, "percent_covered": 0.0, "percent_covered_display": "0", "missing_lines": 5, "excluded_lines": 0, "percent_statements_covered": 0.0, "percent_statements_covered_display": "0"}, "missing_lines": [141, 142, 143, 144, 145], "excluded_lines": [], "start_line": 135}, "delete_case": {"executed_lines": [], "summary": {"covered_lines": 0, "num_statements": 4, "percent_covered": 0.0, "percent_covered_display": "0", "missing_lines": 4, "excluded_lines": 0, "percent_statements_covered": 0.0, "percent_statements_covered_display": "0"}, "missing_lines": [151, 152, 153, 154], "excluded_lines": [], "start_line": 149}, "add_subject": {"executed_lines": [], "summary": {"covered_lines": 0, "num_statements": 6, "percent_covered": 0.0, "percent_covered_display": "0", "missing_lines": 6, "excluded_lines": 0, "percent_statements_covered": 0.0, "percent_statements_covered_display": "0"}, "missing_lines": [168, 169, 175, 176, 177, 178], "excluded_lines": [], "start_line": 162}, "add_evidence": {"executed_lines": [], "summary": {"covered_lines": 0, "num_statements": 6, "percent_covered": 0.0, "percent_covered_display": "0", "missing_lines": 6, "excluded_lines": 0, "percent_statements_covered": 0.0, "percent_statements_covered_display": "0"}, "missing_lines": [192, 193, 206, 207, 208, 209], "excluded_lines": [], "start_line": 186}, "remove_evidence": {"executed_lines": [], "summary": {"covered_lines": 0, "num_statements": 5, "percent_covered": 0.0, "percent_covered_display": "0", "missing_lines": 5, "excluded_lines": 0, "percent_statements_covered": 0.0, "percent_statements_covered_display": "0"}, "missing_lines": [219, 220, 221, 222, 223], "excluded_lines": [], "start_line": 213}, "add_note": {"executed_lines": [], "summary": {"covered_lines": 0, "num_statements": 9, "percent_covered": 0.0, "percent_covered_display": "0", "missing_lines": 9, "excluded_lines": 0, "percent_statements_covered": 0.0, "percent_statements_covered_display": "0"}, "missing_lines": [236, 237, 238, 239, 240, 245, 246, 253, 254], "excluded_lines": [], "start_line": 231}, "link_scan": {"executed_lines": [], "summary": {"covered_lines": 0, "num_statements": 5, "percent_covered": 0.0, "percent_covered_display": "0", "missing_lines": 5, "excluded_lines": 0, "percent_statements_covered": 0.0, "percent_statements_covered_display": "0"}, "missing_lines": [264, 265, 266, 267, 268], "excluded_lines": [], "start_line": 262}, "link_crawl": {"executed_lines": [], "summary": {"covered_lines": 0, "num_statements": 5, "percent_covered": 0.0, "percent_covered_display": "0", "missing_lines": 5, "excluded_lines": 0, "percent_statements_covered": 0.0, "percent_statements_covered_display": "0"}, "missing_lines": [274, 275, 276, 277, 278], "excluded_lines": [], "start_line": 272}, "link_fraud_graph": {"executed_lines": [], "summary": {"covered_lines": 0, "num_statements": 5, "percent_covered": 0.0, "percent_covered_display": "0", "missing_lines": 5, "excluded_lines": 0, "percent_statements_covered": 0.0, "percent_statements_covered_display": "0"}, "missing_lines": [284, 285, 292, 293, 294], "excluded_lines": [], "start_line": 282}, "link_image_intel": {"executed_lines": [], "summary": {"covered_lines": 0, "num_statements": 5, "percent_covered": 0.0, "percent_covered_display": "0", "missing_lines": 5, "excluded_lines": 0, "percent_statements_covered": 0.0, "percent_statements_covered_display": "0"}, "missing_lines": [300, 301, 302, 303, 304], "excluded_lines": [], "start_line": 298}, "get_timeline": {"executed_lines": [], "summary": {"covered_lines": 0, "num_statements": 5, "percent_covered": 0.0, "percent_covered_display": "0", "missing_lines": 5, "excluded_lines": 0, "percent_statements_covered": 0.0, "percent_statements_covered_display": "0"}, "missing_lines": [320, 321, 322, 323, 324], "excluded_lines": [], "start_line": 312}, "export_json": {"executed_lines": [], "summary": {"covered_lines": 0, "num_statements": 7, "percent_covered": 0.0, "percent_covered_display": "0", "missing_lines": 7, "excluded_lines": 0, "percent_statements_covered": 0.0, "percent_statements_covered_display": "0"}, "missing_lines": [340, 341, 342, 343, 344, 345, 346], "excluded_lines": [], "start_line": 338}, "export_csv_timeline": {"executed_lines": [], "summary": {"covered_lines": 0, "num_statements": 7, "percent_covered": 0.0, "percent_covered_display": "0", "missing_lines": 7, "excluded_lines": 0, "percent_statements_covered": 0.0, "percent_statements_covered_display": "0"}, "missing_lines": [356, 357, 358, 359, 360, 361, 362], "excluded_lines": [], "start_line": 354}, "export_csv_evidence": {"executed_lines": [], "summary": {"covered_lines": 0, "num_statements": 7, "percent_covered": 0.0, "percent_covered_display": "0", "missing_lines": 7, "excluded_lines": 0, "percent_statements_covered": 0.0, "percent_statements_covered_display": "0"}, "missing_lines": [372, 373, 374, 375, 376, 377, 378], "excluded_lines": [], "start_line": 370}, "export_html": {"executed_lines": [], "summary": {"covered_lines": 0, "num_statements": 7, "percent_covered": 0.0, "percent_covered_display": "0", "missing_lines": 7, "excluded_lines": 0, "percent_statements_covered": 0.0, "percent_statements_covered_display": "0"}, "missing_lines": [388, 389, 390, 391, 392, 393, 394], "excluded_lines": [], "start_line": 386}, "export_text": {"executed_lines": [], "summary": {"covered_lines": 0, "num_statements": 7, "percent_covered": 0.0, "percent_covered_display": "0", "missing_lines": 7, "excluded_lines": 0, "percent_statements_covered": 0.0, "percent_statements_covered_display": "0"}, "missing_lines": [404, 405, 406, 407, 408, 409, 410], "excluded_lines": [], "start_line": 402}, "": {"executed_lines": [3, 5, 6, 8, 9, 10, 12, 26, 32, 33, 35, 42, 43, 44, 45, 46, 47, 48, 49, 50, 51, 52, 53, 56, 57, 58, 59, 62, 63, 64, 65, 66, 69, 71, 72, 75, 76, 77, 78, 79, 82, 83, 84, 85, 86, 87, 94, 95, 101, 102, 124, 125, 134, 135, 148, 149, 161, 162, 185, 186, 212, 213, 230, 231, 261, 262, 271, 272, 281, 282, 297, 298, 311, 312, 337, 338, 353, 354, 369, 370, 385, 386, 401, 402], "summary": {"covered_lines": 84, "num_statements": 84, "percent_covered": 100.0, "percent_covered_display": "100", "missing_lines": 0, "excluded_lines": 0, "percent_statements_covered": 100.0, "percent_statements_covered_display": "100"}, "missing_lines": [], "excluded_lines": [], "start_line": 1}}, "classes": {"AddEvidenceRequest": {"executed_lines": [], "summary": {"covered_lines": 0, "num_statements": 0, "percent_covered": 100.0, "percent_covered_display": "100", "missing_lines": 0, "excluded_lines": 0, "percent_statements_covered": 100.0, "percent_statements_covered_display": "100"}, "missing_lines": [], "excluded_lines": [], "start_line": 42}, "AddNoteRequest": {"executed_lines": [], "summary": {"covered_lines": 0, "num_statements": 0, "percent_covered": 100.0, "percent_covered_display": "100", "missing_lines": 0, "excluded_lines": 0, "percent_statements_covered": 100.0, "percent_statements_covered_display": "100"}, "missing_lines": [], "excluded_lines": [], "start_line": 56}, "AddSubjectRequest": {"executed_lines": [], "summary": {"covered_lines": 0, "num_statements": 0, "percent_covered": 100.0, "percent_covered_display": "100", "missing_lines": 0, "excluded_lines": 0, "percent_statements_covered": 100.0, "percent_statements_covered_display": "100"}, "missing_lines": [], "excluded_lines": [], "start_line": 62}, "LinkRequest": {"executed_lines": [], "summary": {"covered_lines": 0, "num_statements": 0, "percent_covered": 100.0, "percent_covered_display": "100", "missing_lines": 0, "excluded_lines": 0, "percent_statements_covered": 100.0, "percent_statements_covered_display": "100"}, "missing_lines": [], "excluded_lines": [], "start_line": 69}, "LinkFraudRequest": {"executed_lines": [], "summary": {"covered_lines": 0, "num_statements": 0, "percent_covered": 100.0, "percent_covered_display": "100", "missing_lines": 0, "excluded_lines": 0, "percent_statements_covered": 100.0, "percent_statements_covered_display": "100"}, "missing_lines": [], "excluded_lines": [], "start_line": 75}, "TimelineFilterRequest": {"executed_lines": [], "summary": {"covered_lines": 0, "num_statements": 0, "percent_covered": 100.0, "percent_covered_display": "100", "missing_lines": 0, "excluded_lines": 0, "percent_statements_covered": 100.0, "percent_statements_covered_display": "100"}, "missing_lines": [], "excluded_lines": [], "start_line": 82}, "": {"executed_lines": [3, 5, 6, 8, 9, 10, 12, 26, 32, 33, 35, 42, 43, 44, 45, 46, 47, 48, 49, 50, 51, 52, 53, 56, 57, 58, 59, 62, 63, 64, 65, 66, 69, 71, 72, 75, 76, 77, 78, 79, 82, 83, 84, 85, 86, 87, 94, 95, 101, 102, 124, 125, 134, 135, 148, 149, 161, 162, 185, 186, 212, 213, 230, 231, 261, 262, 271, 272, 281, 282, 297, 298, 311, 312, 337, 338, 353, 354, 369, 370, 385, 386, 401, 402], "summary": {"covered_lines": 84, "num_statements": 188, "percent_covered": 44.680851063829785, "percent_covered_display": "45", "missing_lines": 104, "excluded_lines": 0, "percent_statements_covered": 44.680851063829785, "percent_statements_covered_display": "45"}, "missing_lines": [97, 98, 112, 113, 127, 128, 129, 130, 131, 141, 142, 143, 144, 145, 151, 152, 153, 154, 168, 169, 175, 176, 177, 178, 192, 193, 206, 207, 208, 209, 219, 220, 221, 222, 223, 236, 237, 238, 239, 240, 245, 246, 253, 254, 264, 265, 266, 267, 268, 274, 275, 276, 277, 278, 284, 285, 292, 293, 294, 300, 301, 302, 303, 304, 320, 321, 322, 323, 324, 340, 341, 342, 343, 344, 345, 346, 356, 357, 358, 359, 360, 361, 362, 372, 373, 374, 375, 376, 377, 378, 388, 389, 390, 391, 392, 393, 394, 404, 405, 406, 407, 408, 409, 410], "excluded_lines": [], "start_line": 1}}}, "app/api/chat.py": {"executed_lines": [1, 2, 3, 4, 5, 6, 7, 8, 9, 11, 12, 13, 16, 17, 20, 21, 28, 29, 31, 37, 40, 42, 51, 67, 104, 105, 115, 116, 117, 124, 125, 126, 127, 130, 133, 134, 141, 143, 153], "summary": {"covered_lines": 39, "num_statements": 75, "percent_covered": 52.0, "percent_covered_display": "52", "missing_lines": 36, "excluded_lines": 0, "percent_statements_covered": 52.0, "percent_statements_covered_display": "52"}, "missing_lines": [32, 33, 34, 35, 38, 53, 62, 63, 65, 69, 70, 72, 79, 80, 81, 82, 83, 84, 85, 86, 87, 89, 95, 101, 102, 110, 112, 118, 120, 121, 128, 144, 145, 146, 151, 155], "excluded_lines": [], "functions": {"utc_now": {"executed_lines": [17], "summary": {"covered_lines": 1, "num_statements": 1, "percent_covered": 100.0, "percent_covered_display": "100", "missing_lines": 0, "excluded_lines": 0, "percent_statements_covered": 100.0, "percent_statements_covered_display": "100"}, "missing_lines": [], "excluded_lines": [], "start_line": 16}, "chat_completion": {"executed_lines": [28, 29, 31, 37, 40, 42, 51, 67, 104, 105], "summary": {"covered_lines": 10, "num_statements": 37, "percent_covered": 27.027027027027028, "percent_covered_display": "27", "missing_lines": 27, "excluded_lines": 0, "percent_statements_covered": 27.027027027027028, "percent_statements_covered_display": "27"}, "missing_lines": [32, 33, 34, 35, 38, 53, 62, 63, 65, 69, 70, 72, 79, 80, 81, 82, 83, 84, 85, 86, 87, 89, 95, 101, 102, 110, 112], "excluded_lines": [], "start_line": 21}, "get_chat_message": {"executed_lines": [117], "summary": {"covered_lines": 1, "num_statements": 4, "percent_covered": 25.0, "percent_covered_display": "25", "missing_lines": 3, "excluded_lines": 0, "percent_statements_covered": 25.0, "percent_statements_covered_display": "25"}, "missing_lines": [118, 120, 121], "excluded_lines": [], "start_line": 116}, "list_sessions": {"executed_lines": [126, 127, 130], "summary": {"covered_lines": 3, "num_statements": 4, "percent_covered": 75.0, "percent_covered_display": "75", "missing_lines": 1, "excluded_lines": 0, "percent_statements_covered": 75.0, "percent_statements_covered_display": "75"}, "missing_lines": [128], "excluded_lines": [], "start_line": 125}, "clear_sessions": {"executed_lines": [141, 143, 153], "summary": {"covered_lines": 3, "num_statements": 8, "percent_covered": 37.5, "percent_covered_display": "38", "missing_lines": 5, "excluded_lines": 0, "percent_statements_covered": 37.5, "percent_statements_covered_display": "38"}, "missing_lines": [144, 145, 146, 151, 155], "excluded_lines": [], "start_line": 134}, "": {"executed_lines": [1, 2, 3, 4, 5, 6, 7, 8, 9, 11, 12, 13, 16, 20, 21, 115, 116, 124, 125, 133, 134], "summary": {"covered_lines": 21, "num_statements": 21, "percent_covered": 100.0, "percent_covered_display": "100", "missing_lines": 0, "excluded_lines": 0, "percent_statements_covered": 100.0, "percent_statements_covered_display": "100"}, "missing_lines": [], "excluded_lines": [], "start_line": 1}}, "classes": {"": {"executed_lines": [1, 2, 3, 4, 5, 6, 7, 8, 9, 11, 12, 13, 16, 17, 20, 21, 28, 29, 31, 37, 40, 42, 51, 67, 104, 105, 115, 116, 117, 124, 125, 126, 127, 130, 133, 134, 141, 143, 153], "summary": {"covered_lines": 39, "num_statements": 75, "percent_covered": 52.0, "percent_covered_display": "52", "missing_lines": 36, "excluded_lines": 0, "percent_statements_covered": 52.0, "percent_statements_covered_display": "52"}, "missing_lines": [32, 33, 34, 35, 38, 53, 62, 63, 65, 69, 70, 72, 79, 80, 81, 82, 83, 84, 85, 86, 87, 89, 95, 101, 102, 110, 112, 118, 120, 121, 128, 144, 145, 146, 151, 155], "excluded_lines": [], "start_line": 1}}}, "app/api/crawl.py": {"executed_lines": [1, 2, 3, 4, 5, 6, 13, 14, 15, 16, 17, 18, 19, 21, 22, 25, 26, 29, 30, 31, 32, 63, 65, 66, 69, 75, 87, 125, 126, 133, 134, 138, 139, 141, 142, 143, 147, 152, 155, 156, 172, 180, 181, 188, 189, 191, 203, 204, 205, 206, 212, 213, 214, 221, 222, 223, 226, 228, 231, 234, 235, 236, 249, 250, 284, 285, 292, 293, 297, 298, 300, 317, 319, 320, 336], "summary": {"covered_lines": 75, "num_statements": 147, "percent_covered": 51.02040816326531, "percent_covered_display": "51", "missing_lines": 72, "excluded_lines": 0, "percent_statements_covered": 51.02040816326531, "percent_statements_covered_display": "51"}, "missing_lines": [33, 34, 35, 36, 37, 38, 39, 40, 41, 43, 44, 46, 52, 62, 89, 98, 104, 110, 116, 117, 123, 135, 136, 144, 145, 153, 174, 175, 177, 192, 193, 194, 195, 197, 207, 209, 215, 217, 218, 225, 229, 237, 239, 244, 246, 257, 258, 260, 261, 262, 263, 264, 266, 272, 273, 275, 276, 277, 278, 280, 281, 294, 295, 301, 302, 303, 305, 311, 312, 338, 341, 350], "excluded_lines": [], "functions": {"utc_now": {"executed_lines": [26], "summary": {"covered_lines": 1, "num_statements": 1, "percent_covered": 100.0, "percent_covered_display": "100", "missing_lines": 0, "excluded_lines": 0, "percent_statements_covered": 100.0, "percent_statements_covered_display": "100"}, "missing_lines": [], "excluded_lines": [], "start_line": 25}, "execute_crawl": {"executed_lines": [30, 31, 32, 63, 65, 66, 69, 75, 87], "summary": {"covered_lines": 9, "num_statements": 30, "percent_covered": 30.0, "percent_covered_display": "30", "missing_lines": 21, "excluded_lines": 0, "percent_statements_covered": 30.0, "percent_statements_covered_display": "30"}, "missing_lines": [33, 34, 35, 36, 37, 38, 39, 40, 41, 43, 44, 46, 52, 62, 89, 98, 104, 110, 116, 117, 123], "excluded_lines": [], "start_line": 29}, "start_crawl": {"executed_lines": [133, 134, 138, 139, 141, 142, 143, 147, 152, 155, 156, 172], "summary": {"covered_lines": 12, "num_statements": 20, "percent_covered": 60.0, "percent_covered_display": "60", "missing_lines": 8, "excluded_lines": 0, "percent_statements_covered": 60.0, "percent_statements_covered_display": "60"}, "missing_lines": [135, 136, 144, 145, 153, 174, 175, 177], "excluded_lines": [], "start_line": 126}, "batch_crawl": {"executed_lines": [188, 189, 191, 203, 204, 205, 206], "summary": {"covered_lines": 7, "num_statements": 14, "percent_covered": 50.0, "percent_covered_display": "50", "missing_lines": 7, "excluded_lines": 0, "percent_statements_covered": 50.0, "percent_statements_covered_display": "50"}, "missing_lines": [192, 193, 194, 195, 197, 207, 209], "excluded_lines": [], "start_line": 181}, "get_crawl_status": {"executed_lines": [214], "summary": {"covered_lines": 1, "num_statements": 4, "percent_covered": 25.0, "percent_covered_display": "25", "missing_lines": 3, "excluded_lines": 0, "percent_statements_covered": 25.0, "percent_statements_covered_display": "25"}, "missing_lines": [215, 217, 218], "excluded_lines": [], "start_line": 213}, "list_crawls": {"executed_lines": [223, 226, 228, 231], "summary": {"covered_lines": 4, "num_statements": 6, "percent_covered": 66.66666666666667, "percent_covered_display": "67", "missing_lines": 2, "excluded_lines": 0, "percent_statements_covered": 66.66666666666667, "percent_statements_covered_display": "67"}, "missing_lines": [225, 229], "excluded_lines": [], "start_line": 222}, "cancel_crawl": {"executed_lines": [236], "summary": {"covered_lines": 1, "num_statements": 5, "percent_covered": 20.0, "percent_covered_display": "20", "missing_lines": 4, "excluded_lines": 0, "percent_statements_covered": 20.0, "percent_statements_covered_display": "20"}, "missing_lines": [237, 239, 244, 246], "excluded_lines": [], "start_line": 235}, "delete_crawl": {"executed_lines": [], "summary": {"covered_lines": 0, "num_statements": 16, "percent_covered": 0.0, "percent_covered_display": "0", "missing_lines": 16, "excluded_lines": 0, "percent_statements_covered": 0.0, "percent_statements_covered_display": "0"}, "missing_lines": [257, 258, 260, 261, 262, 263, 264, 266, 272, 273, 275, 276, 277, 278, 280, 281], "excluded_lines": [], "start_line": 250}, "deep_crawl": {"executed_lines": [292, 293, 297, 298, 300, 317, 319, 320, 336], "summary": {"covered_lines": 9, "num_statements": 20, "percent_covered": 45.0, "percent_covered_display": "45", "missing_lines": 11, "excluded_lines": 0, "percent_statements_covered": 45.0, "percent_statements_covered_display": "45"}, "missing_lines": [294, 295, 301, 302, 303, 305, 311, 312, 338, 341, 350], "excluded_lines": [], "start_line": 285}, "": {"executed_lines": [1, 2, 3, 4, 5, 6, 13, 14, 15, 16, 17, 18, 19, 21, 22, 25, 29, 125, 126, 180, 181, 212, 213, 221, 222, 234, 235, 249, 250, 284, 285], "summary": {"covered_lines": 31, "num_statements": 31, "percent_covered": 100.0, "percent_covered_display": "100", "missing_lines": 0, "excluded_lines": 0, "percent_statements_covered": 100.0, "percent_statements_covered_display": "100"}, "missing_lines": [], "excluded_lines": [], "start_line": 1}}, "classes": {"": {"executed_lines": [1, 2, 3, 4, 5, 6, 13, 14, 15, 16, 17, 18, 19, 21, 22, 25, 26, 29, 30, 31, 32, 63, 65, 66, 69, 75, 87, 125, 126, 133, 134, 138, 139, 141, 142, 143, 147, 152, 155, 156, 172, 180, 181, 188, 189, 191, 203, 204, 205, 206, 212, 213, 214, 221, 222, 223, 226, 228, 231, 234, 235, 236, 249, 250, 284, 285, 292, 293, 297, 298, 300, 317, 319, 320, 336], "summary": {"covered_lines": 75, "num_statements": 147, "percent_covered": 51.02040816326531, "percent_covered_display": "51", "missing_lines": 72, "excluded_lines": 0, "percent_statements_covered": 51.02040816326531, "percent_statements_covered_display": "51"}, "missing_lines": [33, 34, 35, 36, 37, 38, 39, 40, 41, 43, 44, 46, 52, 62, 89, 98, 104, 110, 116, 117, 123, 135, 136, 144, 145, 153, 174, 175, 177, 192, 193, 194, 195, 197, 207, 209, 215, 217, 218, 225, 229, 237, 239, 244, 246, 257, 258, 260, 261, 262, 263, 264, 266, 272, 273, 275, 276, 277, 278, 280, 281, 294, 295, 301, 302, 303, 305, 311, 312, 338, 341, 350], "excluded_lines": [], "start_line": 1}}}, "app/api/darkweb.py": {"executed_lines": [15, 17, 18, 20, 21, 22, 24, 26, 33, 34, 35, 36, 37, 38, 39, 40, 44, 48, 49, 50, 53, 54, 55, 56, 57, 58, 59, 62, 63, 64, 65, 66, 67, 68, 71, 72, 73, 74, 77, 78, 79, 80, 83, 84, 85, 86, 87, 88, 89, 96, 101, 106, 111, 120, 121, 153, 154, 186, 187, 221, 222, 251, 252, 272, 273, 313, 314, 353, 354, 461, 519, 562], "summary": {"covered_lines": 72, "num_statements": 238, "percent_covered": 30.252100840336134, "percent_covered_display": "30", "missing_lines": 166, "excluded_lines": 0, "percent_statements_covered": 30.252100840336134, "percent_statements_covered_display": "30"}, "missing_lines": [97, 98, 102, 103, 107, 108, 112, 113, 127, 129, 138, 139, 140, 141, 142, 143, 145, 150, 156, 160, 194, 195, 197, 198, 199, 200, 201, 202, 204, 205, 212, 214, 215, 216, 217, 218, 229, 230, 235, 236, 237, 244, 246, 247, 248, 259, 260, 261, 265, 267, 268, 269, 280, 281, 284, 285, 286, 287, 289, 290, 296, 297, 302, 308, 309, 310, 321, 322, 325, 326, 327, 329, 331, 333, 334, 336, 337, 339, 346, 348, 349, 350, 366, 368, 369, 372, 373, 374, 375, 383, 384, 385, 394, 395, 396, 402, 403, 404, 407, 408, 409, 410, 412, 415, 418, 419, 420, 421, 422, 423, 424, 425, 426, 428, 437, 443, 444, 445, 446, 447, 448, 450, 452, 453, 454, 463, 467, 469, 470, 471, 472, 473, 474, 475, 492, 493, 494, 507, 521, 524, 526, 527, 528, 529, 530, 531, 532, 533, 534, 548, 564, 567, 569, 570, 571, 572, 573, 574, 575, 576, 577, 596, 597, 598, 599, 601], "excluded_lines": [], "functions": {"_get_marketplace_monitor": {"executed_lines": [], "summary": {"covered_lines": 0, "num_statements": 2, "percent_covered": 0.0, "percent_covered_display": "0", "missing_lines": 2, "excluded_lines": 0, "percent_statements_covered": 0.0, "percent_statements_covered_display": "0"}, "missing_lines": [97, 98], "excluded_lines": [], "start_line": 96}, "_get_breach_scanner": {"executed_lines": [], "summary": {"covered_lines": 0, "num_statements": 2, "percent_covered": 0.0, "percent_covered_display": "0", "missing_lines": 2, "excluded_lines": 0, "percent_statements_covered": 0.0, "percent_statements_covered_display": "0"}, "missing_lines": [102, 103], "excluded_lines": [], "start_line": 101}, "_get_crypto_tracer": {"executed_lines": [], "summary": {"covered_lines": 0, "num_statements": 2, "percent_covered": 0.0, "percent_covered_display": "0", "missing_lines": 2, "excluded_lines": 0, "percent_statements_covered": 0.0, "percent_statements_covered_display": "0"}, "missing_lines": [107, 108], "excluded_lines": [], "start_line": 106}, "_get_correlator": {"executed_lines": [], "summary": {"covered_lines": 0, "num_statements": 2, "percent_covered": 0.0, "percent_covered_display": "0", "missing_lines": 2, "excluded_lines": 0, "percent_statements_covered": 0.0, "percent_statements_covered_display": "0"}, "missing_lines": [112, 113], "excluded_lines": [], "start_line": 111}, "darkweb_status": {"executed_lines": [], "summary": {"covered_lines": 0, "num_statements": 10, "percent_covered": 0.0, "percent_covered_display": "0", "missing_lines": 10, "excluded_lines": 0, "percent_statements_covered": 0.0, "percent_statements_covered_display": "0"}, "missing_lines": [127, 129, 138, 139, 140, 141, 142, 143, 145, 150], "excluded_lines": [], "start_line": 121}, "list_monitored_sites": {"executed_lines": [], "summary": {"covered_lines": 0, "num_statements": 2, "percent_covered": 0.0, "percent_covered_display": "0", "missing_lines": 2, "excluded_lines": 0, "percent_statements_covered": 0.0, "percent_statements_covered_display": "0"}, "missing_lines": [156, 160], "excluded_lines": [], "start_line": 154}, "scan_marketplace": {"executed_lines": [], "summary": {"covered_lines": 0, "num_statements": 16, "percent_covered": 0.0, "percent_covered_display": "0", "missing_lines": 16, "excluded_lines": 0, "percent_statements_covered": 0.0, "percent_statements_covered_display": "0"}, "missing_lines": [194, 195, 197, 198, 199, 200, 201, 202, 204, 205, 212, 214, 215, 216, 217, 218], "excluded_lines": [], "start_line": 187}, "scan_breach": {"executed_lines": [], "summary": {"covered_lines": 0, "num_statements": 9, "percent_covered": 0.0, "percent_covered_display": "0", "missing_lines": 9, "excluded_lines": 0, "percent_statements_covered": 0.0, "percent_statements_covered_display": "0"}, "missing_lines": [229, 230, 235, 236, 237, 244, 246, 247, 248], "excluded_lines": [], "start_line": 222}, "trace_crypto": {"executed_lines": [], "summary": {"covered_lines": 0, "num_statements": 7, "percent_covered": 0.0, "percent_covered_display": "0", "missing_lines": 7, "excluded_lines": 0, "percent_statements_covered": 0.0, "percent_statements_covered_display": "0"}, "missing_lines": [259, 260, 261, 265, 267, 268, 269], "excluded_lines": [], "start_line": 252}, "extract_and_trace_crypto": {"executed_lines": [], "summary": {"covered_lines": 0, "num_statements": 14, "percent_covered": 0.0, "percent_covered_display": "0", "missing_lines": 14, "excluded_lines": 0, "percent_statements_covered": 0.0, "percent_statements_covered_display": "0"}, "missing_lines": [280, 281, 284, 285, 286, 287, 289, 290, 296, 297, 302, 308, 309, 310], "excluded_lines": [], "start_line": 273}, "correlate_entity": {"executed_lines": [], "summary": {"covered_lines": 0, "num_statements": 16, "percent_covered": 0.0, "percent_covered_display": "0", "missing_lines": 16, "excluded_lines": 0, "percent_statements_covered": 0.0, "percent_statements_covered_display": "0"}, "missing_lines": [321, 322, 325, 326, 327, 329, 331, 333, 334, 336, 337, 339, 346, 348, 349, 350], "excluded_lines": [], "start_line": 314}, "full_darkweb_scan": {"executed_lines": [], "summary": {"covered_lines": 0, "num_statements": 43, "percent_covered": 0.0, "percent_covered_display": "0", "missing_lines": 43, "excluded_lines": 0, "percent_statements_covered": 0.0, "percent_statements_covered_display": "0"}, "missing_lines": [366, 368, 369, 372, 373, 374, 375, 383, 384, 385, 394, 395, 396, 402, 403, 404, 407, 408, 409, 410, 412, 415, 418, 419, 420, 421, 422, 423, 424, 425, 426, 428, 437, 443, 444, 445, 446, 447, 448, 450, 452, 453, 454], "excluded_lines": [], "start_line": 354}, "_reconstruct_breach_result": {"executed_lines": [], "summary": {"covered_lines": 0, "num_statements": 13, "percent_covered": 0.0, "percent_covered_display": "0", "missing_lines": 13, "excluded_lines": 0, "percent_statements_covered": 0.0, "percent_statements_covered_display": "0"}, "missing_lines": [463, 467, 469, 470, 471, 472, 473, 474, 475, 492, 493, 494, 507], "excluded_lines": [], "start_line": 461}, "_reconstruct_monitor_result": {"executed_lines": [], "summary": {"covered_lines": 0, "num_statements": 12, "percent_covered": 0.0, "percent_covered_display": "0", "missing_lines": 12, "excluded_lines": 0, "percent_statements_covered": 0.0, "percent_statements_covered_display": "0"}, "missing_lines": [521, 524, 526, 527, 528, 529, 530, 531, 532, 533, 534, 548], "excluded_lines": [], "start_line": 519}, "_reconstruct_crypto_result": {"executed_lines": [], "summary": {"covered_lines": 0, "num_statements": 16, "percent_covered": 0.0, "percent_covered_display": "0", "missing_lines": 16, "excluded_lines": 0, "percent_statements_covered": 0.0, "percent_statements_covered_display": "0"}, "missing_lines": [564, 567, 569, 570, 571, 572, 573, 574, 575, 576, 577, 596, 597, 598, 599, 601], "excluded_lines": [], "start_line": 562}, "": {"executed_lines": [15, 17, 18, 20, 21, 22, 24, 26, 33, 34, 35, 36, 37, 38, 39, 40, 44, 48, 49, 50, 53, 54, 55, 56, 57, 58, 59, 62, 63, 64, 65, 66, 67, 68, 71, 72, 73, 74, 77, 78, 79, 80, 83, 84, 85, 86, 87, 88, 89, 96, 101, 106, 111, 120, 121, 153, 154, 186, 187, 221, 222, 251, 252, 272, 273, 313, 314, 353, 354, 461, 519, 562], "summary": {"covered_lines": 72, "num_statements": 72, "percent_covered": 100.0, "percent_covered_display": "100", "missing_lines": 0, "excluded_lines": 0, "percent_statements_covered": 100.0, "percent_statements_covered_display": "100"}, "missing_lines": [], "excluded_lines": [], "start_line": 1}}, "classes": {"FullScanRequest": {"executed_lines": [], "summary": {"covered_lines": 0, "num_statements": 0, "percent_covered": 100.0, "percent_covered_display": "100", "missing_lines": 0, "excluded_lines": 0, "percent_statements_covered": 100.0, "percent_statements_covered_display": "100"}, "missing_lines": [], "excluded_lines": [], "start_line": 33}, "MarketplaceScanRequest": {"executed_lines": [], "summary": {"covered_lines": 0, "num_statements": 0, "percent_covered": 100.0, "percent_covered_display": "100", "missing_lines": 0, "excluded_lines": 0, "percent_statements_covered": 100.0, "percent_statements_covered_display": "100"}, "missing_lines": [], "excluded_lines": [], "start_line": 53}, "BreachScanRequest": {"executed_lines": [], "summary": {"covered_lines": 0, "num_statements": 0, "percent_covered": 100.0, "percent_covered_display": "100", "missing_lines": 0, "excluded_lines": 0, "percent_statements_covered": 100.0, "percent_statements_covered_display": "100"}, "missing_lines": [], "excluded_lines": [], "start_line": 62}, "CryptoTraceRequest": {"executed_lines": [], "summary": {"covered_lines": 0, "num_statements": 0, "percent_covered": 100.0, "percent_covered_display": "100", "missing_lines": 0, "excluded_lines": 0, "percent_statements_covered": 100.0, "percent_statements_covered_display": "100"}, "missing_lines": [], "excluded_lines": [], "start_line": 71}, "CryptoExtractRequest": {"executed_lines": [], "summary": {"covered_lines": 0, "num_statements": 0, "percent_covered": 100.0, "percent_covered_display": "100", "missing_lines": 0, "excluded_lines": 0, "percent_statements_covered": 100.0, "percent_statements_covered_display": "100"}, "missing_lines": [], "excluded_lines": [], "start_line": 77}, "CorrelateRequest": {"executed_lines": [], "summary": {"covered_lines": 0, "num_statements": 0, "percent_covered": 100.0, "percent_covered_display": "100", "missing_lines": 0, "excluded_lines": 0, "percent_statements_covered": 100.0, "percent_statements_covered_display": "100"}, "missing_lines": [], "excluded_lines": [], "start_line": 83}, "": {"executed_lines": [15, 17, 18, 20, 21, 22, 24, 26, 33, 34, 35, 36, 37, 38, 39, 40, 44, 48, 49, 50, 53, 54, 55, 56, 57, 58, 59, 62, 63, 64, 65, 66, 67, 68, 71, 72, 73, 74, 77, 78, 79, 80, 83, 84, 85, 86, 87, 88, 89, 96, 101, 106, 111, 120, 121, 153, 154, 186, 187, 221, 222, 251, 252, 272, 273, 313, 314, 353, 354, 461, 519, 562], "summary": {"covered_lines": 72, "num_statements": 238, "percent_covered": 30.252100840336134, "percent_covered_display": "30", "missing_lines": 166, "excluded_lines": 0, "percent_statements_covered": 30.252100840336134, "percent_statements_covered_display": "30"}, "missing_lines": [97, 98, 102, 103, 107, 108, 112, 113, 127, 129, 138, 139, 140, 141, 142, 143, 145, 150, 156, 160, 194, 195, 197, 198, 199, 200, 201, 202, 204, 205, 212, 214, 215, 216, 217, 218, 229, 230, 235, 236, 237, 244, 246, 247, 248, 259, 260, 261, 265, 267, 268, 269, 280, 281, 284, 285, 286, 287, 289, 290, 296, 297, 302, 308, 309, 310, 321, 322, 325, 326, 327, 329, 331, 333, 334, 336, 337, 339, 346, 348, 349, 350, 366, 368, 369, 372, 373, 374, 375, 383, 384, 385, 394, 395, 396, 402, 403, 404, 407, 408, 409, 410, 412, 415, 418, 419, 420, 421, 422, 423, 424, 425, 426, 428, 437, 443, 444, 445, 446, 447, 448, 450, 452, 453, 454, 463, 467, 469, 470, 471, 472, 473, 474, 475, 492, 493, 494, 507, 521, 524, 526, 527, 528, 529, 530, 531, 532, 533, 534, 548, 564, 567, 569, 570, 571, 572, 573, 574, 575, 576, 577, 596, 597, 598, 599, 601], "excluded_lines": [], "start_line": 1}}}, "app/api/data.py": {"executed_lines": [1, 2, 3, 4, 5, 6, 7, 8, 9, 10, 11, 13, 14, 16, 19, 20, 21, 22, 23, 24, 25, 26, 27, 30, 31, 32, 33, 34, 35, 36, 39, 40, 41, 42, 43, 44, 45, 48, 49, 52, 53, 65, 66, 68, 74, 75, 77, 90, 99, 102, 103, 109, 111, 112, 114, 115, 117, 120, 121, 127, 128, 133, 134, 141, 143, 148, 151, 152, 154, 162, 165, 166, 179, 180, 182, 194, 197, 198, 201, 202, 203, 204, 205, 208, 210, 212, 215, 216, 223, 224, 226, 238, 241, 242, 245, 246, 248, 250, 253, 254, 261, 263, 267, 268, 272, 281, 282, 293, 294, 296, 314, 315, 317, 318, 339, 340, 346, 347, 348, 350, 351, 352, 353, 359, 367, 368, 385, 386, 395, 396, 407, 408], "summary": {"covered_lines": 132, "num_statements": 194, "percent_covered": 68.04123711340206, "percent_covered_display": "68", "missing_lines": 62, "excluded_lines": 0, "percent_statements_covered": 68.04123711340206, "percent_statements_covered_display": "68"}, "missing_lines": [69, 70, 71, 72, 130, 144, 145, 146, 149, 183, 184, 185, 186, 188, 195, 199, 206, 227, 228, 229, 230, 232, 239, 243, 265, 270, 297, 298, 299, 301, 308, 309, 323, 324, 325, 329, 331, 369, 370, 371, 381, 382, 387, 388, 389, 390, 391, 392, 397, 398, 399, 400, 401, 402, 403, 404, 409, 410, 411, 412, 413, 414], "excluded_lines": [], "functions": {"utc_now": {"executed_lines": [49], "summary": {"covered_lines": 1, "num_statements": 1, "percent_covered": 100.0, "percent_covered_display": "100", "missing_lines": 0, "excluded_lines": 0, "percent_statements_covered": 100.0, "percent_statements_covered_display": "100"}, "missing_lines": [], "excluded_lines": [], "start_line": 48}, "create_data_set": {"executed_lines": [65, 66, 68, 74, 75, 77, 90, 99], "summary": {"covered_lines": 8, "num_statements": 12, "percent_covered": 66.66666666666667, "percent_covered_display": "67", "missing_lines": 4, "excluded_lines": 0, "percent_statements_covered": 66.66666666666667, "percent_statements_covered_display": "67"}, "missing_lines": [69, 70, 71, 72], "excluded_lines": [], "start_line": 53}, "list_data_sets": {"executed_lines": [109, 111, 112, 114, 115, 117], "summary": {"covered_lines": 6, "num_statements": 6, "percent_covered": 100.0, "percent_covered_display": "100", "missing_lines": 0, "excluded_lines": 0, "percent_statements_covered": 100.0, "percent_statements_covered_display": "100"}, "missing_lines": [], "excluded_lines": [], "start_line": 103}, "get_data_set": {"executed_lines": [127, 128], "summary": {"covered_lines": 2, "num_statements": 3, "percent_covered": 66.66666666666667, "percent_covered_display": "67", "missing_lines": 1, "excluded_lines": 0, "percent_statements_covered": 66.66666666666667, "percent_statements_covered_display": "67"}, "missing_lines": [130], "excluded_lines": [], "start_line": 121}, "migrate_data_set": {"executed_lines": [141, 143, 148, 151, 152, 154, 162], "summary": {"covered_lines": 7, "num_statements": 11, "percent_covered": 63.63636363636363, "percent_covered_display": "64", "missing_lines": 4, "excluded_lines": 0, "percent_statements_covered": 63.63636363636363, "percent_statements_covered_display": "64"}, "missing_lines": [144, 145, 146, 149], "excluded_lines": [], "start_line": 134}, "update_data_set": {"executed_lines": [179, 180, 182, 194, 197, 198, 201, 202, 203, 204, 205, 208, 210, 212], "summary": {"covered_lines": 14, "num_statements": 22, "percent_covered": 63.63636363636363, "percent_covered_display": "64", "missing_lines": 8, "excluded_lines": 0, "percent_statements_covered": 63.63636363636363, "percent_statements_covered_display": "64"}, "missing_lines": [183, 184, 185, 186, 188, 195, 199, 206], "excluded_lines": [], "start_line": 166}, "delete_data_set": {"executed_lines": [223, 224, 226, 238, 241, 242, 245, 246, 248, 250], "summary": {"covered_lines": 10, "num_statements": 17, "percent_covered": 58.8235294117647, "percent_covered_display": "59", "missing_lines": 7, "excluded_lines": 0, "percent_statements_covered": 58.8235294117647, "percent_statements_covered_display": "59"}, "missing_lines": [227, 228, 229, 230, 232, 239, 243], "excluded_lines": [], "start_line": 216}, "export_data_sets": {"executed_lines": [261, 263, 267, 268, 272], "summary": {"covered_lines": 5, "num_statements": 7, "percent_covered": 71.42857142857143, "percent_covered_display": "71", "missing_lines": 2, "excluded_lines": 0, "percent_statements_covered": 71.42857142857143, "percent_statements_covered_display": "71"}, "missing_lines": [265, 270], "excluded_lines": [], "start_line": 254}, "offload_archive": {"executed_lines": [293, 294, 296, 314, 315, 317, 318], "summary": {"covered_lines": 7, "num_statements": 16, "percent_covered": 43.75, "percent_covered_display": "44", "missing_lines": 9, "excluded_lines": 0, "percent_statements_covered": 43.75, "percent_statements_covered_display": "44"}, "missing_lines": [297, 298, 299, 301, 308, 309, 323, 329, 331], "excluded_lines": [], "start_line": 282}, "offload_archive.perform_offload": {"executed_lines": [], "summary": {"covered_lines": 0, "num_statements": 2, "percent_covered": 0.0, "percent_covered_display": "0", "missing_lines": 2, "excluded_lines": 0, "percent_statements_covered": 0.0, "percent_statements_covered_display": "0"}, "missing_lines": [324, 325], "excluded_lines": [], "start_line": 323}, "get_data_stats": {"executed_lines": [346, 347, 348, 350, 351, 352, 353, 359], "summary": {"covered_lines": 8, "num_statements": 8, "percent_covered": 100.0, "percent_covered_display": "100", "missing_lines": 0, "excluded_lines": 0, "percent_statements_covered": 100.0, "percent_statements_covered_display": "100"}, "missing_lines": [], "excluded_lines": [], "start_line": 340}, "create_archive_rule": {"executed_lines": [], "summary": {"covered_lines": 0, "num_statements": 5, "percent_covered": 0.0, "percent_covered_display": "0", "missing_lines": 5, "excluded_lines": 0, "percent_statements_covered": 0.0, "percent_statements_covered_display": "0"}, "missing_lines": [369, 370, 371, 381, 382], "excluded_lines": [], "start_line": 368}, "list_archive_rules": {"executed_lines": [], "summary": {"covered_lines": 0, "num_statements": 6, "percent_covered": 0.0, "percent_covered_display": "0", "missing_lines": 6, "excluded_lines": 0, "percent_statements_covered": 0.0, "percent_statements_covered_display": "0"}, "missing_lines": [387, 388, 389, 390, 391, 392], "excluded_lines": [], "start_line": 386}, "update_archive_rule": {"executed_lines": [], "summary": {"covered_lines": 0, "num_statements": 8, "percent_covered": 0.0, "percent_covered_display": "0", "missing_lines": 8, "excluded_lines": 0, "percent_statements_covered": 0.0, "percent_statements_covered_display": "0"}, "missing_lines": [397, 398, 399, 400, 401, 402, 403, 404], "excluded_lines": [], "start_line": 396}, "delete_archive_rule": {"executed_lines": [], "summary": {"covered_lines": 0, "num_statements": 6, "percent_covered": 0.0, "percent_covered_display": "0", "missing_lines": 6, "excluded_lines": 0, "percent_statements_covered": 0.0, "percent_statements_covered_display": "0"}, "missing_lines": [409, 410, 411, 412, 413, 414], "excluded_lines": [], "start_line": 408}, "": {"executed_lines": [1, 2, 3, 4, 5, 6, 7, 8, 9, 10, 11, 13, 14, 16, 19, 20, 21, 22, 23, 24, 25, 26, 27, 30, 31, 32, 33, 34, 35, 36, 39, 40, 41, 42, 43, 44, 45, 48, 52, 53, 102, 103, 120, 121, 133, 134, 165, 166, 215, 216, 253, 254, 281, 282, 339, 340, 367, 368, 385, 386, 395, 396, 407, 408], "summary": {"covered_lines": 64, "num_statements": 64, "percent_covered": 100.0, "percent_covered_display": "100", "missing_lines": 0, "excluded_lines": 0, "percent_statements_covered": 100.0, "percent_statements_covered_display": "100"}, "missing_lines": [], "excluded_lines": [], "start_line": 1}}, "classes": {"ArchiveRule": {"executed_lines": [], "summary": {"covered_lines": 0, "num_statements": 0, "percent_covered": 100.0, "percent_covered_display": "100", "missing_lines": 0, "excluded_lines": 0, "percent_statements_covered": 100.0, "percent_statements_covered_display": "100"}, "missing_lines": [], "excluded_lines": [], "start_line": 19}, "ArchiveRuleCreate": {"executed_lines": [], "summary": {"covered_lines": 0, "num_statements": 0, "percent_covered": 100.0, "percent_covered_display": "100", "missing_lines": 0, "excluded_lines": 0, "percent_statements_covered": 100.0, "percent_statements_covered_display": "100"}, "missing_lines": [], "excluded_lines": [], "start_line": 30}, "ArchiveRuleUpdate": {"executed_lines": [], "summary": {"covered_lines": 0, "num_statements": 0, "percent_covered": 100.0, "percent_covered_display": "100", "missing_lines": 0, "excluded_lines": 0, "percent_statements_covered": 100.0, "percent_statements_covered_display": "100"}, "missing_lines": [], "excluded_lines": [], "start_line": 39}, "": {"executed_lines": [1, 2, 3, 4, 5, 6, 7, 8, 9, 10, 11, 13, 14, 16, 19, 20, 21, 22, 23, 24, 25, 26, 27, 30, 31, 32, 33, 34, 35, 36, 39, 40, 41, 42, 43, 44, 45, 48, 49, 52, 53, 65, 66, 68, 74, 75, 77, 90, 99, 102, 103, 109, 111, 112, 114, 115, 117, 120, 121, 127, 128, 133, 134, 141, 143, 148, 151, 152, 154, 162, 165, 166, 179, 180, 182, 194, 197, 198, 201, 202, 203, 204, 205, 208, 210, 212, 215, 216, 223, 224, 226, 238, 241, 242, 245, 246, 248, 250, 253, 254, 261, 263, 267, 268, 272, 281, 282, 293, 294, 296, 314, 315, 317, 318, 339, 340, 346, 347, 348, 350, 351, 352, 353, 359, 367, 368, 385, 386, 395, 396, 407, 408], "summary": {"covered_lines": 132, "num_statements": 194, "percent_covered": 68.04123711340206, "percent_covered_display": "68", "missing_lines": 62, "excluded_lines": 0, "percent_statements_covered": 68.04123711340206, "percent_statements_covered_display": "68"}, "missing_lines": [69, 70, 71, 72, 130, 144, 145, 146, 149, 183, 184, 185, 186, 188, 195, 199, 206, 227, 228, 229, 230, 232, 239, 243, 265, 270, 297, 298, 299, 301, 308, 309, 323, 324, 325, 329, 331, 369, 370, 371, 381, 382, 387, 388, 389, 390, 391, 392, 397, 398, 399, 400, 401, 402, 403, 404, 409, 410, 411, 412, 413, 414], "excluded_lines": [], "start_line": 1}}}, "app/api/extraction.py": {"executed_lines": [1, 2, 3, 4, 5, 6, 7, 8, 10, 11, 13, 21, 23, 25, 28, 32, 36, 44, 53, 59, 60, 76, 77, 89, 90, 94, 95, 110, 111, 123, 124, 127, 128, 129, 130, 131, 132, 133, 136, 139, 140, 141, 144, 145, 146, 147, 150, 151, 154, 211, 212, 250, 251], "summary": {"covered_lines": 53, "num_statements": 171, "percent_covered": 30.994152046783626, "percent_covered_display": "31", "missing_lines": 118, "excluded_lines": 0, "percent_statements_covered": 30.994152046783626, "percent_statements_covered_display": "31"}, "missing_lines": [29, 33, 37, 38, 39, 40, 41, 45, 46, 47, 54, 55, 56, 61, 62, 71, 72, 73, 78, 79, 80, 81, 82, 83, 84, 85, 86, 91, 98, 99, 100, 101, 103, 104, 105, 106, 107, 112, 113, 114, 115, 161, 165, 166, 168, 174, 175, 176, 177, 178, 179, 180, 181, 182, 183, 184, 185, 186, 187, 189, 190, 191, 192, 193, 203, 206, 207, 208, 217, 218, 220, 221, 226, 227, 229, 230, 232, 233, 235, 236, 238, 240, 241, 243, 244, 245, 246, 247, 256, 257, 258, 260, 261, 263, 264, 265, 267, 268, 273, 274, 276, 277, 280, 281, 282, 283, 284, 285, 286, 287, 288, 289, 291, 293, 294, 295, 296, 297], "excluded_lines": [], "functions": {"_ensure_dir": {"executed_lines": [], "summary": {"covered_lines": 0, "num_statements": 1, "percent_covered": 0.0, "percent_covered_display": "0", "missing_lines": 1, "excluded_lines": 0, "percent_statements_covered": 0.0, "percent_statements_covered_display": "0"}, "missing_lines": [29], "excluded_lines": [], "start_line": 28}, "_template_path": {"executed_lines": [], "summary": {"covered_lines": 0, "num_statements": 1, "percent_covered": 0.0, "percent_covered_display": "0", "missing_lines": 1, "excluded_lines": 0, "percent_statements_covered": 0.0, "percent_statements_covered_display": "0"}, "missing_lines": [33], "excluded_lines": [], "start_line": 32}, "_read_template": {"executed_lines": [], "summary": {"covered_lines": 0, "num_statements": 5, "percent_covered": 0.0, "percent_covered_display": "0", "missing_lines": 5, "excluded_lines": 0, "percent_statements_covered": 0.0, "percent_statements_covered_display": "0"}, "missing_lines": [37, 38, 39, 40, 41], "excluded_lines": [], "start_line": 36}, "_write_template": {"executed_lines": [], "summary": {"covered_lines": 0, "num_statements": 3, "percent_covered": 0.0, "percent_covered_display": "0", "missing_lines": 3, "excluded_lines": 0, "percent_statements_covered": 0.0, "percent_statements_covered_display": "0"}, "missing_lines": [45, 46, 47], "excluded_lines": [], "start_line": 44}, "_delete_template_file": {"executed_lines": [], "summary": {"covered_lines": 0, "num_statements": 3, "percent_covered": 0.0, "percent_covered_display": "0", "missing_lines": 3, "excluded_lines": 0, "percent_statements_covered": 0.0, "percent_statements_covered_display": "0"}, "missing_lines": [54, 55, 56], "excluded_lines": [], "start_line": 53}, "create_template": {"executed_lines": [], "summary": {"covered_lines": 0, "num_statements": 5, "percent_covered": 0.0, "percent_covered_display": "0", "missing_lines": 5, "excluded_lines": 0, "percent_statements_covered": 0.0, "percent_statements_covered_display": "0"}, "missing_lines": [61, 62, 71, 72, 73], "excluded_lines": [], "start_line": 60}, "list_templates": {"executed_lines": [], "summary": {"covered_lines": 0, "num_statements": 9, "percent_covered": 0.0, "percent_covered_display": "0", "missing_lines": 9, "excluded_lines": 0, "percent_statements_covered": 0.0, "percent_statements_covered_display": "0"}, "missing_lines": [78, 79, 80, 81, 82, 83, 84, 85, 86], "excluded_lines": [], "start_line": 77}, "get_template": {"executed_lines": [], "summary": {"covered_lines": 0, "num_statements": 1, "percent_covered": 0.0, "percent_covered_display": "0", "missing_lines": 1, "excluded_lines": 0, "percent_statements_covered": 0.0, "percent_statements_covered_display": "0"}, "missing_lines": [91], "excluded_lines": [], "start_line": 90}, "update_template": {"executed_lines": [], "summary": {"covered_lines": 0, "num_statements": 9, "percent_covered": 0.0, "percent_covered_display": "0", "missing_lines": 9, "excluded_lines": 0, "percent_statements_covered": 0.0, "percent_statements_covered_display": "0"}, "missing_lines": [98, 99, 100, 101, 103, 104, 105, 106, 107], "excluded_lines": [], "start_line": 95}, "delete_template": {"executed_lines": [], "summary": {"covered_lines": 0, "num_statements": 4, "percent_covered": 0.0, "percent_covered_display": "0", "missing_lines": 4, "excluded_lines": 0, "percent_statements_covered": 0.0, "percent_statements_covered_display": "0"}, "missing_lines": [112, 113, 114, 115], "excluded_lines": [], "start_line": 111}, "_parse_html_tree": {"executed_lines": [], "summary": {"covered_lines": 0, "num_statements": 8, "percent_covered": 0.0, "percent_covered_display": "0", "missing_lines": 8, "excluded_lines": 0, "percent_statements_covered": 0.0, "percent_statements_covered_display": "0"}, "missing_lines": [161, 165, 166, 168, 174, 206, 207, 208], "excluded_lines": [], "start_line": 154}, "_parse_html_tree._build": {"executed_lines": [], "summary": {"covered_lines": 0, "num_statements": 19, "percent_covered": 0.0, "percent_covered_display": "0", "missing_lines": 19, "excluded_lines": 0, "percent_statements_covered": 0.0, "percent_statements_covered_display": "0"}, "missing_lines": [175, 176, 177, 178, 179, 180, 181, 182, 183, 184, 185, 186, 187, 189, 190, 191, 192, 193, 203], "excluded_lines": [], "start_line": 174}, "fetch_page": {"executed_lines": [], "summary": {"covered_lines": 0, "num_statements": 20, "percent_covered": 0.0, "percent_covered_display": "0", "missing_lines": 20, "excluded_lines": 0, "percent_statements_covered": 0.0, "percent_statements_covered_display": "0"}, "missing_lines": [217, 218, 220, 221, 226, 227, 229, 230, 232, 233, 235, 236, 238, 240, 241, 243, 244, 245, 246, 247], "excluded_lines": [], "start_line": 212}, "preview_extraction": {"executed_lines": [], "summary": {"covered_lines": 0, "num_statements": 30, "percent_covered": 0.0, "percent_covered_display": "0", "missing_lines": 30, "excluded_lines": 0, "percent_statements_covered": 0.0, "percent_statements_covered_display": "0"}, "missing_lines": [256, 257, 258, 260, 261, 263, 264, 265, 267, 268, 273, 274, 276, 277, 280, 281, 282, 283, 284, 285, 286, 287, 288, 289, 291, 293, 294, 295, 296, 297], "excluded_lines": [], "start_line": 251}, "": {"executed_lines": [1, 2, 3, 4, 5, 6, 7, 8, 10, 11, 13, 21, 23, 25, 28, 32, 36, 44, 53, 59, 60, 76, 77, 89, 90, 94, 95, 110, 111, 123, 124, 127, 128, 129, 130, 131, 132, 133, 136, 139, 140, 141, 144, 145, 146, 147, 150, 151, 154, 211, 212, 250, 251], "summary": {"covered_lines": 53, "num_statements": 53, "percent_covered": 100.0, "percent_covered_display": "100", "missing_lines": 0, "excluded_lines": 0, "percent_statements_covered": 100.0, "percent_statements_covered_display": "100"}, "missing_lines": [], "excluded_lines": [], "start_line": 1}}, "classes": {"FetchPageRequest": {"executed_lines": [], "summary": {"covered_lines": 0, "num_statements": 0, "percent_covered": 100.0, "percent_covered_display": "100", "missing_lines": 0, "excluded_lines": 0, "percent_statements_covered": 100.0, "percent_statements_covered_display": "100"}, "missing_lines": [], "excluded_lines": [], "start_line": 123}, "HtmlTreeNode": {"executed_lines": [], "summary": {"covered_lines": 0, "num_statements": 0, "percent_covered": 100.0, "percent_covered_display": "100", "missing_lines": 0, "excluded_lines": 0, "percent_statements_covered": 100.0, "percent_statements_covered_display": "100"}, "missing_lines": [], "excluded_lines": [], "start_line": 127}, "FetchPageResponse": {"executed_lines": [], "summary": {"covered_lines": 0, "num_statements": 0, "percent_covered": 100.0, "percent_covered_display": "100", "missing_lines": 0, "excluded_lines": 0, "percent_statements_covered": 100.0, "percent_statements_covered_display": "100"}, "missing_lines": [], "excluded_lines": [], "start_line": 139}, "PreviewRequest": {"executed_lines": [], "summary": {"covered_lines": 0, "num_statements": 0, "percent_covered": 100.0, "percent_covered_display": "100", "missing_lines": 0, "excluded_lines": 0, "percent_statements_covered": 100.0, "percent_statements_covered_display": "100"}, "missing_lines": [], "excluded_lines": [], "start_line": 144}, "PreviewResponse": {"executed_lines": [], "summary": {"covered_lines": 0, "num_statements": 0, "percent_covered": 100.0, "percent_covered_display": "100", "missing_lines": 0, "excluded_lines": 0, "percent_statements_covered": 100.0, "percent_statements_covered_display": "100"}, "missing_lines": [], "excluded_lines": [], "start_line": 150}, "": {"executed_lines": [1, 2, 3, 4, 5, 6, 7, 8, 10, 11, 13, 21, 23, 25, 28, 32, 36, 44, 53, 59, 60, 76, 77, 89, 90, 94, 95, 110, 111, 123, 124, 127, 128, 129, 130, 131, 132, 133, 136, 139, 140, 141, 144, 145, 146, 147, 150, 151, 154, 211, 212, 250, 251], "summary": {"covered_lines": 53, "num_statements": 171, "percent_covered": 30.994152046783626, "percent_covered_display": "31", "missing_lines": 118, "excluded_lines": 0, "percent_statements_covered": 30.994152046783626, "percent_statements_covered_display": "31"}, "missing_lines": [29, 33, 37, 38, 39, 40, 41, 45, 46, 47, 54, 55, 56, 61, 62, 71, 72, 73, 78, 79, 80, 81, 82, 83, 84, 85, 86, 91, 98, 99, 100, 101, 103, 104, 105, 106, 107, 112, 113, 114, 115, 161, 165, 166, 168, 174, 175, 176, 177, 178, 179, 180, 181, 182, 183, 184, 185, 186, 187, 189, 190, 191, 192, 193, 203, 206, 207, 208, 217, 218, 220, 221, 226, 227, 229, 230, 232, 233, 235, 236, 238, 240, 241, 243, 244, 245, 246, 247, 256, 257, 258, 260, 261, 263, 264, 265, 267, 268, 273, 274, 276, 277, 280, 281, 282, 283, 284, 285, 286, 287, 288, 289, 291, 293, 294, 295, 296, 297], "excluded_lines": [], "start_line": 1}}}, "app/api/investigations.py": {"executed_lines": [1, 3, 11, 13, 16, 17, 22, 23, 41, 42, 50, 51, 61, 62, 69, 70, 80, 81], "summary": {"covered_lines": 18, "num_statements": 52, "percent_covered": 34.61538461538461, "percent_covered_display": "35", "missing_lines": 34, "excluded_lines": 0, "percent_statements_covered": 34.61538461538461, "percent_statements_covered_display": "35"}, "missing_lines": [18, 19, 29, 30, 33, 34, 35, 36, 37, 38, 43, 44, 45, 46, 47, 54, 55, 56, 57, 58, 63, 64, 65, 66, 73, 74, 75, 76, 77, 84, 85, 86, 87, 88], "excluded_lines": [], "functions": {"create_investigation": {"executed_lines": [], "summary": {"covered_lines": 0, "num_statements": 2, "percent_covered": 0.0, "percent_covered_display": "0", "missing_lines": 2, "excluded_lines": 0, "percent_statements_covered": 0.0, "percent_statements_covered_display": "0"}, "missing_lines": [18, 19], "excluded_lines": [], "start_line": 17}, "list_investigations": {"executed_lines": [], "summary": {"covered_lines": 0, "num_statements": 8, "percent_covered": 0.0, "percent_covered_display": "0", "missing_lines": 8, "excluded_lines": 0, "percent_statements_covered": 0.0, "percent_statements_covered_display": "0"}, "missing_lines": [29, 30, 33, 34, 35, 36, 37, 38], "excluded_lines": [], "start_line": 23}, "get_investigation": {"executed_lines": [], "summary": {"covered_lines": 0, "num_statements": 5, "percent_covered": 0.0, "percent_covered_display": "0", "missing_lines": 5, "excluded_lines": 0, "percent_statements_covered": 0.0, "percent_statements_covered_display": "0"}, "missing_lines": [43, 44, 45, 46, 47], "excluded_lines": [], "start_line": 42}, "update_investigation": {"executed_lines": [], "summary": {"covered_lines": 0, "num_statements": 5, "percent_covered": 0.0, "percent_covered_display": "0", "missing_lines": 5, "excluded_lines": 0, "percent_statements_covered": 0.0, "percent_statements_covered_display": "0"}, "missing_lines": [54, 55, 56, 57, 58], "excluded_lines": [], "start_line": 51}, "delete_investigation": {"executed_lines": [], "summary": {"covered_lines": 0, "num_statements": 4, "percent_covered": 0.0, "percent_covered_display": "0", "missing_lines": 4, "excluded_lines": 0, "percent_statements_covered": 0.0, "percent_statements_covered_display": "0"}, "missing_lines": [63, 64, 65, 66], "excluded_lines": [], "start_line": 62}, "link_crawl_to_investigation": {"executed_lines": [], "summary": {"covered_lines": 0, "num_statements": 5, "percent_covered": 0.0, "percent_covered_display": "0", "missing_lines": 5, "excluded_lines": 0, "percent_statements_covered": 0.0, "percent_statements_covered_display": "0"}, "missing_lines": [73, 74, 75, 76, 77], "excluded_lines": [], "start_line": 70}, "link_scan_to_investigation": {"executed_lines": [], "summary": {"covered_lines": 0, "num_statements": 5, "percent_covered": 0.0, "percent_covered_display": "0", "missing_lines": 5, "excluded_lines": 0, "percent_statements_covered": 0.0, "percent_statements_covered_display": "0"}, "missing_lines": [84, 85, 86, 87, 88], "excluded_lines": [], "start_line": 81}, "": {"executed_lines": [1, 3, 11, 13, 16, 17, 22, 23, 41, 42, 50, 51, 61, 62, 69, 70, 80, 81], "summary": {"covered_lines": 18, "num_statements": 18, "percent_covered": 100.0, "percent_covered_display": "100", "missing_lines": 0, "excluded_lines": 0, "percent_statements_covered": 100.0, "percent_statements_covered_display": "100"}, "missing_lines": [], "excluded_lines": [], "start_line": 1}}, "classes": {"": {"executed_lines": [1, 3, 11, 13, 16, 17, 22, 23, 41, 42, 50, 51, 61, 62, 69, 70, 80, 81], "summary": {"covered_lines": 18, "num_statements": 52, "percent_covered": 34.61538461538461, "percent_covered_display": "35", "missing_lines": 34, "excluded_lines": 0, "percent_statements_covered": 34.61538461538461, "percent_statements_covered_display": "35"}, "missing_lines": [18, 19, 29, 30, 33, 34, 35, 36, 37, 38, 43, 44, 45, 46, 47, 54, 55, 56, 57, 58, 63, 64, 65, 66, 73, 74, 75, 76, 77, 84, 85, 86, 87, 88], "excluded_lines": [], "start_line": 1}}}, "app/api/knowledge_graph.py": {"executed_lines": [3, 4, 5, 7, 8, 10, 11, 12, 14, 16, 23, 24, 25, 26, 29, 30, 31, 32, 35, 36, 37, 40, 41, 48, 62, 63, 82, 83, 105, 106, 182, 183, 207, 208, 237, 238, 264, 265, 300, 301, 318, 319, 356, 357], "summary": {"covered_lines": 44, "num_statements": 223, "percent_covered": 19.730941704035875, "percent_covered_display": "20", "missing_lines": 179, "excluded_lines": 0, "percent_statements_covered": 19.730941704035875, "percent_statements_covered_display": "20"}, "missing_lines": [49, 55, 65, 66, 67, 72, 73, 74, 75, 76, 77, 78, 79, 85, 86, 87, 92, 98, 99, 100, 101, 102, 107, 108, 109, 110, 112, 113, 114, 115, 119, 120, 122, 123, 124, 126, 127, 128, 129, 130, 131, 132, 133, 134, 136, 142, 144, 145, 147, 148, 149, 150, 151, 152, 153, 163, 165, 173, 174, 175, 176, 177, 178, 179, 185, 186, 187, 188, 189, 193, 198, 199, 200, 201, 202, 203, 204, 215, 216, 217, 223, 230, 231, 232, 233, 234, 240, 241, 242, 243, 244, 248, 249, 255, 256, 257, 258, 259, 260, 261, 271, 272, 273, 274, 275, 279, 282, 291, 292, 293, 294, 295, 296, 297, 303, 304, 305, 306, 307, 308, 309, 310, 311, 312, 313, 314, 315, 321, 322, 326, 327, 328, 333, 334, 341, 347, 348, 349, 350, 351, 352, 353, 362, 363, 364, 365, 366, 368, 369, 371, 372, 374, 375, 376, 381, 387, 388, 389, 390, 391, 392, 393, 394, 400, 401, 407, 414, 419, 420, 421, 422, 423, 424, 425, 426, 427, 428, 429, 430], "excluded_lines": [], "functions": {"_get_tracker": {"executed_lines": [], "summary": {"covered_lines": 0, "num_statements": 2, "percent_covered": 0.0, "percent_covered_display": "0", "missing_lines": 2, "excluded_lines": 0, "percent_statements_covered": 0.0, "percent_statements_covered_display": "0"}, "missing_lines": [49, 55], "excluded_lines": [], "start_line": 48}, "build_knowledge_graph": {"executed_lines": [], "summary": {"covered_lines": 0, "num_statements": 11, "percent_covered": 0.0, "percent_covered_display": "0", "missing_lines": 11, "excluded_lines": 0, "percent_statements_covered": 0.0, "percent_statements_covered_display": "0"}, "missing_lines": [65, 66, 67, 72, 73, 74, 75, 76, 77, 78, 79], "excluded_lines": [], "start_line": 63}, "search_knowledge_graph": {"executed_lines": [], "summary": {"covered_lines": 0, "num_statements": 9, "percent_covered": 0.0, "percent_covered_display": "0", "missing_lines": 9, "excluded_lines": 0, "percent_statements_covered": 0.0, "percent_statements_covered_display": "0"}, "missing_lines": [85, 86, 87, 92, 98, 99, 100, 101, 102], "excluded_lines": [], "start_line": 83}, "merge_scan_graphs": {"executed_lines": [], "summary": {"covered_lines": 0, "num_statements": 42, "percent_covered": 0.0, "percent_covered_display": "0", "missing_lines": 42, "excluded_lines": 0, "percent_statements_covered": 0.0, "percent_statements_covered_display": "0"}, "missing_lines": [107, 108, 109, 110, 112, 113, 114, 115, 119, 120, 122, 123, 124, 126, 127, 128, 129, 130, 131, 132, 133, 134, 136, 142, 144, 145, 147, 148, 149, 150, 151, 152, 153, 163, 165, 173, 174, 175, 176, 177, 178, 179], "excluded_lines": [], "start_line": 106}, "list_entity_types": {"executed_lines": [], "summary": {"covered_lines": 0, "num_statements": 13, "percent_covered": 0.0, "percent_covered_display": "0", "missing_lines": 13, "excluded_lines": 0, "percent_statements_covered": 0.0, "percent_statements_covered_display": "0"}, "missing_lines": [185, 186, 187, 188, 189, 193, 198, 199, 200, 201, 202, 203, 204], "excluded_lines": [], "start_line": 183}, "search_entities_in_scan": {"executed_lines": [], "summary": {"covered_lines": 0, "num_statements": 9, "percent_covered": 0.0, "percent_covered_display": "0", "missing_lines": 9, "excluded_lines": 0, "percent_statements_covered": 0.0, "percent_statements_covered_display": "0"}, "missing_lines": [215, 216, 217, 223, 230, 231, 232, 233, 234], "excluded_lines": [], "start_line": 208}, "get_entity_detail": {"executed_lines": [], "summary": {"covered_lines": 0, "num_statements": 14, "percent_covered": 0.0, "percent_covered_display": "0", "missing_lines": 14, "excluded_lines": 0, "percent_statements_covered": 0.0, "percent_statements_covered_display": "0"}, "missing_lines": [240, 241, 242, 243, 244, 248, 249, 255, 256, 257, 258, 259, 260, 261], "excluded_lines": [], "start_line": 238}, "expand_node": {"executed_lines": [], "summary": {"covered_lines": 0, "num_statements": 14, "percent_covered": 0.0, "percent_covered_display": "0", "missing_lines": 14, "excluded_lines": 0, "percent_statements_covered": 0.0, "percent_statements_covered_display": "0"}, "missing_lines": [271, 272, 273, 274, 275, 279, 282, 291, 292, 293, 294, 295, 296, 297], "excluded_lines": [], "start_line": 265}, "get_knowledge_graph": {"executed_lines": [], "summary": {"covered_lines": 0, "num_statements": 13, "percent_covered": 0.0, "percent_covered_display": "0", "missing_lines": 13, "excluded_lines": 0, "percent_statements_covered": 0.0, "percent_statements_covered_display": "0"}, "missing_lines": [303, 304, 305, 306, 307, 308, 309, 310, 311, 312, 313, 314, 315], "excluded_lines": [], "start_line": 301}, "merge_entities": {"executed_lines": [], "summary": {"covered_lines": 0, "num_statements": 15, "percent_covered": 0.0, "percent_covered_display": "0", "missing_lines": 15, "excluded_lines": 0, "percent_statements_covered": 0.0, "percent_statements_covered_display": "0"}, "missing_lines": [321, 322, 326, 327, 328, 333, 334, 341, 347, 348, 349, 350, 351, 352, 353], "excluded_lines": [], "start_line": 319}, "export_knowledge_graph": {"executed_lines": [], "summary": {"covered_lines": 0, "num_statements": 37, "percent_covered": 0.0, "percent_covered_display": "0", "missing_lines": 37, "excluded_lines": 0, "percent_statements_covered": 0.0, "percent_statements_covered_display": "0"}, "missing_lines": [362, 363, 364, 365, 366, 368, 369, 371, 372, 374, 375, 376, 381, 387, 388, 389, 390, 391, 392, 393, 394, 400, 401, 407, 414, 419, 420, 421, 422, 423, 424, 425, 426, 427, 428, 429, 430], "excluded_lines": [], "start_line": 357}, "": {"executed_lines": [3, 4, 5, 7, 8, 10, 11, 12, 14, 16, 23, 24, 25, 26, 29, 30, 31, 32, 35, 36, 37, 40, 41, 48, 62, 63, 82, 83, 105, 106, 182, 183, 207, 208, 237, 238, 264, 265, 300, 301, 318, 319, 356, 357], "summary": {"covered_lines": 44, "num_statements": 44, "percent_covered": 100.0, "percent_covered_display": "100", "missing_lines": 0, "excluded_lines": 0, "percent_statements_covered": 100.0, "percent_statements_covered_display": "100"}, "missing_lines": [], "excluded_lines": [], "start_line": 1}}, "classes": {"BuildGraphRequest": {"executed_lines": [], "summary": {"covered_lines": 0, "num_statements": 0, "percent_covered": 100.0, "percent_covered_display": "100", "missing_lines": 0, "excluded_lines": 0, "percent_statements_covered": 100.0, "percent_statements_covered_display": "100"}, "missing_lines": [], "excluded_lines": [], "start_line": 23}, "SearchEntitiesRequest": {"executed_lines": [], "summary": {"covered_lines": 0, "num_statements": 0, "percent_covered": 100.0, "percent_covered_display": "100", "missing_lines": 0, "excluded_lines": 0, "percent_statements_covered": 100.0, "percent_statements_covered_display": "100"}, "missing_lines": [], "excluded_lines": [], "start_line": 29}, "MergeEntitiesRequest": {"executed_lines": [], "summary": {"covered_lines": 0, "num_statements": 0, "percent_covered": 100.0, "percent_covered_display": "100", "missing_lines": 0, "excluded_lines": 0, "percent_statements_covered": 100.0, "percent_statements_covered_display": "100"}, "missing_lines": [], "excluded_lines": [], "start_line": 35}, "MergeScanGraphsRequest": {"executed_lines": [], "summary": {"covered_lines": 0, "num_statements": 0, "percent_covered": 100.0, "percent_covered_display": "100", "missing_lines": 0, "excluded_lines": 0, "percent_statements_covered": 100.0, "percent_statements_covered_display": "100"}, "missing_lines": [], "excluded_lines": [], "start_line": 40}, "": {"executed_lines": [3, 4, 5, 7, 8, 10, 11, 12, 14, 16, 23, 24, 25, 26, 29, 30, 31, 32, 35, 36, 37, 40, 41, 48, 62, 63, 82, 83, 105, 106, 182, 183, 207, 208, 237, 238, 264, 265, 300, 301, 318, 319, 356, 357], "summary": {"covered_lines": 44, "num_statements": 223, "percent_covered": 19.730941704035875, "percent_covered_display": "20", "missing_lines": 179, "excluded_lines": 0, "percent_statements_covered": 19.730941704035875, "percent_statements_covered_display": "20"}, "missing_lines": [49, 55, 65, 66, 67, 72, 73, 74, 75, 76, 77, 78, 79, 85, 86, 87, 92, 98, 99, 100, 101, 102, 107, 108, 109, 110, 112, 113, 114, 115, 119, 120, 122, 123, 124, 126, 127, 128, 129, 130, 131, 132, 133, 134, 136, 142, 144, 145, 147, 148, 149, 150, 151, 152, 153, 163, 165, 173, 174, 175, 176, 177, 178, 179, 185, 186, 187, 188, 189, 193, 198, 199, 200, 201, 202, 203, 204, 215, 216, 217, 223, 230, 231, 232, 233, 234, 240, 241, 242, 243, 244, 248, 249, 255, 256, 257, 258, 259, 260, 261, 271, 272, 273, 274, 275, 279, 282, 291, 292, 293, 294, 295, 296, 297, 303, 304, 305, 306, 307, 308, 309, 310, 311, 312, 313, 314, 315, 321, 322, 326, 327, 328, 333, 334, 341, 347, 348, 349, 350, 351, 352, 353, 362, 363, 364, 365, 366, 368, 369, 371, 372, 374, 375, 376, 381, 387, 388, 389, 390, 391, 392, 393, 394, 400, 401, 407, 414, 419, 420, 421, 422, 423, 424, 425, 426, 427, 428, 429, 430], "excluded_lines": [], "start_line": 1}}}, "app/api/osint/__init__.py": {"executed_lines": [2, 3, 4, 5, 6, 7, 8, 10], "summary": {"covered_lines": 8, "num_statements": 8, "percent_covered": 100.0, "percent_covered_display": "100", "missing_lines": 0, "excluded_lines": 0, "percent_statements_covered": 100.0, "percent_statements_covered_display": "100"}, "missing_lines": [], "excluded_lines": [], "functions": {"": {"executed_lines": [2, 3, 4, 5, 6, 7, 8, 10], "summary": {"covered_lines": 8, "num_statements": 8, "percent_covered": 100.0, "percent_covered_display": "100", "missing_lines": 0, "excluded_lines": 0, "percent_statements_covered": 100.0, "percent_statements_covered_display": "100"}, "missing_lines": [], "excluded_lines": [], "start_line": 1}}, "classes": {"": {"executed_lines": [2, 3, 4, 5, 6, 7, 8, 10], "summary": {"covered_lines": 8, "num_statements": 8, "percent_covered": 100.0, "percent_covered_display": "100", "missing_lines": 0, "excluded_lines": 0, "percent_statements_covered": 100.0, "percent_statements_covered_display": "100"}, "missing_lines": [], "excluded_lines": [], "start_line": 1}}}, "app/api/osint/alias.py": {"executed_lines": [2, 3, 4, 5, 7, 8, 10, 11, 12, 13, 15, 16, 23, 36, 37, 38, 41, 42, 45, 46, 47, 54, 55, 71, 72, 85, 86, 142, 143], "summary": {"covered_lines": 29, "num_statements": 78, "percent_covered": 37.17948717948718, "percent_covered_display": "37", "missing_lines": 49, "excluded_lines": 0, "percent_statements_covered": 37.17948717948718, "percent_statements_covered_display": "37"}, "missing_lines": [24, 57, 58, 59, 60, 64, 65, 66, 67, 68, 74, 75, 76, 77, 78, 79, 80, 81, 82, 87, 88, 89, 90, 91, 93, 94, 96, 97, 98, 102, 103, 104, 105, 110, 111, 112, 113, 115, 117, 118, 119, 120, 121, 122, 123, 125, 131, 145, 146], "excluded_lines": [], "functions": {"_get_lm_bridge": {"executed_lines": [], "summary": {"covered_lines": 0, "num_statements": 1, "percent_covered": 0.0, "percent_covered_display": "0", "missing_lines": 1, "excluded_lines": 0, "percent_statements_covered": 0.0, "percent_statements_covered_display": "0"}, "missing_lines": [24], "excluded_lines": [], "start_line": 23}, "discover_aliases": {"executed_lines": [], "summary": {"covered_lines": 0, "num_statements": 9, "percent_covered": 0.0, "percent_covered_display": "0", "missing_lines": 9, "excluded_lines": 0, "percent_statements_covered": 0.0, "percent_statements_covered_display": "0"}, "missing_lines": [57, 58, 59, 60, 64, 65, 66, 67, 68], "excluded_lines": [], "start_line": 55}, "search_username": {"executed_lines": [], "summary": {"covered_lines": 0, "num_statements": 9, "percent_covered": 0.0, "percent_covered_display": "0", "missing_lines": 9, "excluded_lines": 0, "percent_statements_covered": 0.0, "percent_statements_covered_display": "0"}, "missing_lines": [74, 75, 76, 77, 78, 79, 80, 81, 82], "excluded_lines": [], "start_line": 72}, "batch_discover_aliases": {"executed_lines": [], "summary": {"covered_lines": 0, "num_statements": 18, "percent_covered": 0.0, "percent_covered_display": "0", "missing_lines": 18, "excluded_lines": 0, "percent_statements_covered": 0.0, "percent_statements_covered_display": "0"}, "missing_lines": [87, 88, 89, 90, 91, 93, 94, 96, 115, 117, 118, 119, 120, 121, 122, 123, 125, 131], "excluded_lines": [], "start_line": 86}, "batch_discover_aliases._discover_one": {"executed_lines": [], "summary": {"covered_lines": 0, "num_statements": 10, "percent_covered": 0.0, "percent_covered_display": "0", "missing_lines": 10, "excluded_lines": 0, "percent_statements_covered": 0.0, "percent_statements_covered_display": "0"}, "missing_lines": [97, 98, 102, 103, 104, 105, 110, 111, 112, 113], "excluded_lines": [], "start_line": 96}, "list_platforms": {"executed_lines": [], "summary": {"covered_lines": 0, "num_statements": 2, "percent_covered": 0.0, "percent_covered_display": "0", "missing_lines": 2, "excluded_lines": 0, "percent_statements_covered": 0.0, "percent_statements_covered_display": "0"}, "missing_lines": [145, 146], "excluded_lines": [], "start_line": 143}, "": {"executed_lines": [2, 3, 4, 5, 7, 8, 10, 11, 12, 13, 15, 16, 23, 36, 37, 38, 41, 42, 45, 46, 47, 54, 55, 71, 72, 85, 86, 142, 143], "summary": {"covered_lines": 29, "num_statements": 29, "percent_covered": 100.0, "percent_covered_display": "100", "missing_lines": 0, "excluded_lines": 0, "percent_statements_covered": 100.0, "percent_statements_covered_display": "100"}, "missing_lines": [], "excluded_lines": [], "start_line": 1}}, "classes": {"AliasDiscoverRequest": {"executed_lines": [], "summary": {"covered_lines": 0, "num_statements": 0, "percent_covered": 100.0, "percent_covered_display": "100", "missing_lines": 0, "excluded_lines": 0, "percent_statements_covered": 100.0, "percent_statements_covered_display": "100"}, "missing_lines": [], "excluded_lines": [], "start_line": 36}, "AliasSearchRequest": {"executed_lines": [], "summary": {"covered_lines": 0, "num_statements": 0, "percent_covered": 100.0, "percent_covered_display": "100", "missing_lines": 0, "excluded_lines": 0, "percent_statements_covered": 100.0, "percent_statements_covered_display": "100"}, "missing_lines": [], "excluded_lines": [], "start_line": 41}, "BatchAliasDiscoverRequest": {"executed_lines": [], "summary": {"covered_lines": 0, "num_statements": 0, "percent_covered": 100.0, "percent_covered_display": "100", "missing_lines": 0, "excluded_lines": 0, "percent_statements_covered": 100.0, "percent_statements_covered_display": "100"}, "missing_lines": [], "excluded_lines": [], "start_line": 45}, "": {"executed_lines": [2, 3, 4, 5, 7, 8, 10, 11, 12, 13, 15, 16, 23, 36, 37, 38, 41, 42, 45, 46, 47, 54, 55, 71, 72, 85, 86, 142, 143], "summary": {"covered_lines": 29, "num_statements": 78, "percent_covered": 37.17948717948718, "percent_covered_display": "37", "missing_lines": 49, "excluded_lines": 0, "percent_statements_covered": 37.17948717948718, "percent_statements_covered_display": "37"}, "missing_lines": [24, 57, 58, 59, 60, 64, 65, 66, 67, 68, 74, 75, 76, 77, 78, 79, 80, 81, 82, 87, 88, 89, 90, 91, 93, 94, 96, 97, 98, 102, 103, 104, 105, 110, 111, 112, 113, 115, 117, 118, 119, 120, 121, 122, 123, 125, 131, 145, 146], "excluded_lines": [], "start_line": 1}}}, "app/api/osint/deep_crawl.py": {"executed_lines": [2, 3, 4, 5, 6, 8, 9, 11, 12, 13, 15, 16, 18, 25, 38, 41, 42, 43, 44, 45, 46, 47, 48, 49, 50, 53, 54, 55, 56, 57, 58, 59, 62, 63, 64, 65, 66, 67, 68, 69, 70, 71, 72, 73, 74, 75, 82, 83, 186, 187, 226, 227, 245, 246], "summary": {"covered_lines": 54, "num_statements": 92, "percent_covered": 58.69565217391305, "percent_covered_display": "59", "missing_lines": 38, "excluded_lines": 0, "percent_statements_covered": 58.69565217391305, "percent_statements_covered_display": "59"}, "missing_lines": [26, 95, 96, 97, 103, 107, 108, 114, 129, 141, 142, 149, 151, 152, 153, 154, 155, 157, 164, 169, 170, 171, 177, 179, 189, 190, 191, 193, 194, 195, 196, 197, 209, 229, 230, 248, 249, 250], "excluded_lines": [], "functions": {"_get_lm_bridge": {"executed_lines": [], "summary": {"covered_lines": 0, "num_statements": 1, "percent_covered": 0.0, "percent_covered_display": "0", "missing_lines": 1, "excluded_lines": 0, "percent_statements_covered": 0.0, "percent_statements_covered_display": "0"}, "missing_lines": [26], "excluded_lines": [], "start_line": 25}, "start_deep_crawl": {"executed_lines": [], "summary": {"covered_lines": 0, "num_statements": 14, "percent_covered": 0.0, "percent_covered_display": "0", "missing_lines": 14, "excluded_lines": 0, "percent_statements_covered": 0.0, "percent_statements_covered_display": "0"}, "missing_lines": [95, 96, 97, 103, 107, 108, 114, 129, 141, 142, 149, 151, 177, 179], "excluded_lines": [], "start_line": 83}, "start_deep_crawl._run_crawl": {"executed_lines": [], "summary": {"covered_lines": 0, "num_statements": 9, "percent_covered": 0.0, "percent_covered_display": "0", "missing_lines": 9, "excluded_lines": 0, "percent_statements_covered": 0.0, "percent_statements_covered_display": "0"}, "missing_lines": [152, 153, 154, 155, 157, 164, 169, 170, 171], "excluded_lines": [], "start_line": 151}, "get_deep_crawl_status": {"executed_lines": [], "summary": {"covered_lines": 0, "num_statements": 9, "percent_covered": 0.0, "percent_covered_display": "0", "missing_lines": 9, "excluded_lines": 0, "percent_statements_covered": 0.0, "percent_statements_covered_display": "0"}, "missing_lines": [189, 190, 191, 193, 194, 195, 196, 197, 209], "excluded_lines": [], "start_line": 187}, "list_deep_crawls": {"executed_lines": [], "summary": {"covered_lines": 0, "num_statements": 2, "percent_covered": 0.0, "percent_covered_display": "0", "missing_lines": 2, "excluded_lines": 0, "percent_statements_covered": 0.0, "percent_statements_covered_display": "0"}, "missing_lines": [229, 230], "excluded_lines": [], "start_line": 227}, "list_registered_platforms": {"executed_lines": [], "summary": {"covered_lines": 0, "num_statements": 3, "percent_covered": 0.0, "percent_covered_display": "0", "missing_lines": 3, "excluded_lines": 0, "percent_statements_covered": 0.0, "percent_statements_covered_display": "0"}, "missing_lines": [248, 249, 250], "excluded_lines": [], "start_line": 246}, "": {"executed_lines": [2, 3, 4, 5, 6, 8, 9, 11, 12, 13, 15, 16, 18, 25, 38, 41, 42, 43, 44, 45, 46, 47, 48, 49, 50, 53, 54, 55, 56, 57, 58, 59, 62, 63, 64, 65, 66, 67, 68, 69, 70, 71, 72, 73, 74, 75, 82, 83, 186, 187, 226, 227, 245, 246], "summary": {"covered_lines": 54, "num_statements": 54, "percent_covered": 100.0, "percent_covered_display": "100", "missing_lines": 0, "excluded_lines": 0, "percent_statements_covered": 100.0, "percent_statements_covered_display": "100"}, "missing_lines": [], "excluded_lines": [], "start_line": 1}}, "classes": {"DeepCrawlStartRequest": {"executed_lines": [], "summary": {"covered_lines": 0, "num_statements": 0, "percent_covered": 100.0, "percent_covered_display": "100", "missing_lines": 0, "excluded_lines": 0, "percent_statements_covered": 100.0, "percent_statements_covered_display": "100"}, "missing_lines": [], "excluded_lines": [], "start_line": 38}, "DeepCrawlStatusResponse": {"executed_lines": [], "summary": {"covered_lines": 0, "num_statements": 0, "percent_covered": 100.0, "percent_covered_display": "100", "missing_lines": 0, "excluded_lines": 0, "percent_statements_covered": 100.0, "percent_statements_covered_display": "100"}, "missing_lines": [], "excluded_lines": [], "start_line": 62}, "": {"executed_lines": [2, 3, 4, 5, 6, 8, 9, 11, 12, 13, 15, 16, 18, 25, 38, 41, 42, 43, 44, 45, 46, 47, 48, 49, 50, 53, 54, 55, 56, 57, 58, 59, 62, 63, 64, 65, 66, 67, 68, 69, 70, 71, 72, 73, 74, 75, 82, 83, 186, 187, 226, 227, 245, 246], "summary": {"covered_lines": 54, "num_statements": 92, "percent_covered": 58.69565217391305, "percent_covered_display": "59", "missing_lines": 38, "excluded_lines": 0, "percent_statements_covered": 58.69565217391305, "percent_statements_covered_display": "59"}, "missing_lines": [26, 95, 96, 97, 103, 107, 108, 114, 129, 141, 142, 149, 151, 152, 153, 154, 155, 157, 164, 169, 170, 171, 177, 179, 189, 190, 191, 193, 194, 195, 196, 197, 209, 229, 230, 248, 249, 250], "excluded_lines": [], "start_line": 1}}}, "app/api/osint/fraud.py": {"executed_lines": [2, 3, 5, 6, 8, 20, 21, 24, 25, 34, 40, 44, 50, 51, 52, 53, 56, 57, 60, 61, 62, 66, 69, 70, 8
[...]
127, 143, 153, 163], "summary": {"covered_lines": 21, "num_statements": 21, "percent_covered": 100.0, "percent_covered_display": "100", "missing_lines": 0, "excluded_lines": 0, "percent_statements_covered": 100.0, "percent_statements_covered_display": "100"}, "missing_lines": [], "excluded_lines": [], "start_line": 1}}, "classes": {"ChromaDBClient": {"executed_lines": [25, 26, 27, 28, 29, 34, 36, 39, 40, 45, 46, 47, 48, 53, 54, 55, 66, 67, 68, 69, 70, 74, 75, 76, 77, 80, 93, 94, 95, 99, 101, 102, 114, 115, 116, 117, 118, 119, 121, 144, 145, 146], "summary": {"covered_lines": 42, "num_statements": 77, "percent_covered": 54.54545454545455, "percent_covered_display": "55", "missing_lines": 35, "excluded_lines": 0, "percent_statements_covered": 54.54545454545455, "percent_statements_covered_display": "55"}, "missing_lines": [30, 31, 35, 41, 42, 49, 50, 56, 57, 81, 82, 83, 84, 100, 103, 104, 105, 106, 120, 122, 123, 124, 125, 132, 133, 134, 135, 138, 139, 140, 141, 147, 148, 149, 150], "excluded_lines": [], "start_line": 17}, "": {"executed_lines": [3, 4, 5, 6, 8, 10, 12, 14, 17, 20, 33, 38, 44, 52, 59, 86, 108, 127, 143, 153, 156, 157, 158, 159, 160, 163], "summary": {"covered_lines": 26, "num_statements": 28, "percent_covered": 92.85714285714286, "percent_covered_display": "93", "missing_lines": 2, "excluded_lines": 0, "percent_statements_covered": 92.85714285714286, "percent_statements_covered_display": "93"}, "missing_lines": [166, 167], "excluded_lines": [], "start_line": 1}}}, "app/utils/auth.py": {"executed_lines": [3, 5, 6, 7, 10, 23, 25, 26, 31, 32, 37, 40, 50, 52, 53, 55, 58, 71, 73, 74, 79, 82, 95, 97, 98, 103], "summary": {"covered_lines": 26, "num_statements": 26, "percent_covered": 100.0, "percent_covered_display": "100", "missing_lines": 0, "excluded_lines": 0, "percent_statements_covered": 100.0, "percent_statements_covered_display": "100"}, "missing_lines": [], "excluded_lines": [], "functions": {"require_admin": {"executed_lines": [23, 25, 26, 31, 32, 37], "summary": {"covered_lines": 6, "num_statements": 6, "percent_covered": 100.0, "percent_covered_display": "100", "missing_lines": 0, "excluded_lines": 0, "percent_statements_covered": 100.0, "percent_statements_covered_display": "100"}, "missing_lines": [], "excluded_lines": [], "start_line": 10}, "is_admin": {"executed_lines": [50, 52, 53, 55], "summary": {"covered_lines": 4, "num_statements": 4, "percent_covered": 100.0, "percent_covered_display": "100", "missing_lines": 0, "excluded_lines": 0, "percent_statements_covered": 100.0, "percent_statements_covered_display": "100"}, "missing_lines": [], "excluded_lines": [], "start_line": 40}, "get_user_id": {"executed_lines": [71, 73, 74, 79], "summary": {"covered_lines": 4, "num_statements": 4, "percent_covered": 100.0, "percent_covered_display": "100", "missing_lines": 0, "excluded_lines": 0, "percent_statements_covered": 100.0, "percent_statements_covered_display": "100"}, "missing_lines": [], "excluded_lines": [], "start_line": 58}, "get_user_email": {"executed_lines": [95, 97, 98, 103], "summary": {"covered_lines": 4, "num_statements": 4, "percent_covered": 100.0, "percent_covered_display": "100", "missing_lines": 0, "excluded_lines": 0, "percent_statements_covered": 100.0, "percent_statements_covered_display": "100"}, "missing_lines": [], "excluded_lines": [], "start_line": 82}, "": {"executed_lines": [3, 5, 6, 7, 10, 40, 58, 82], "summary": {"covered_lines": 8, "num_statements": 8, "percent_covered": 100.0, "percent_covered_display": "100", "missing_lines": 0, "excluded_lines": 0, "percent_statements_covered": 100.0, "percent_statements_covered_display": "100"}, "missing_lines": [], "excluded_lines": [], "start_line": 1}}, "classes": {"": {"executed_lines": [3, 5, 6, 7, 10, 23, 25, 26, 31, 32, 37, 40, 50, 52, 53, 55, 58, 71, 73, 74, 79, 82, 95, 97, 98, 103], "summary": {"covered_lines": 26, "num_statements": 26, "percent_covered": 100.0, "percent_covered_display": "100", "missing_lines": 0, "excluded_lines": 0, "percent_statements_covered": 100.0, "percent_statements_covered_display": "100"}, "missing_lines": [], "excluded_lines": [], "start_line": 1}}}, "app/websocket/__init__.py": {"executed_lines": [1, 3], "summary": {"covered_lines": 2, "num_statements": 2, "percent_covered": 100.0, "percent_covered_display": "100", "missing_lines": 0, "excluded_lines": 0, "percent_statements_covered": 100.0, "percent_statements_covered_display": "100"}, "missing_lines": [], "excluded_lines": [], "functions": {"": {"executed_lines": [1, 3], "summary": {"covered_lines": 2, "num_statements": 2, "percent_covered": 100.0, "percent_covered_display": "100", "missing_lines": 0, "excluded_lines": 0, "percent_statements_covered": 100.0, "percent_statements_covered_display": "100"}, "missing_lines": [], "excluded_lines": [], "start_line": 1}}, "classes": {"": {"executed_lines": [1, 3], "summary": {"covered_lines": 2, "num_statements": 2, "percent_covered": 100.0, "percent_covered_display": "100", "missing_lines": 0, "excluded_lines": 0, "percent_statements_covered": 100.0, "percent_statements_covered_display": "100"}, "missing_lines": [], "excluded_lines": [], "start_line": 1}}}, "app/websocket/manager.py": {"executed_lines": [1, 2, 3, 6, 7, 10, 11, 12, 13, 15, 16, 17, 18, 20, 29, 30, 31, 32, 33, 35, 36, 37, 38, 39, 43, 44, 45, 53, 54, 62, 65, 66, 68, 69, 71, 72, 73, 75, 76, 83, 85, 86, 93, 95, 98, 105, 107, 110, 117, 119, 122, 129, 131, 134, 141, 143, 144, 146, 147, 150], "summary": {"covered_lines": 60, "num_statements": 71, "percent_covered": 84.50704225352112, "percent_covered_display": "85", "missing_lines": 11, "excluded_lines": 0, "percent_statements_covered": 84.50704225352112, "percent_statements_covered_display": "85"}, "missing_lines": [40, 41, 51, 55, 56, 57, 58, 59, 60, 63, 67], "excluded_lines": [], "functions": {"utc_now": {"executed_lines": [7], "summary": {"covered_lines": 1, "num_statements": 1, "percent_covered": 100.0, "percent_covered_display": "100", "missing_lines": 0, "excluded_lines": 0, "percent_statements_covered": 100.0, "percent_statements_covered_display": "100"}, "missing_lines": [], "excluded_lines": [], "start_line": 6}, "ConnectionManager.__init__": {"executed_lines": [12, 13], "summary": {"covered_lines": 2, "num_statements": 2, "percent_covered": 100.0, "percent_covered_display": "100", "missing_lines": 0, "excluded_lines": 0, "percent_statements_covered": 100.0, "percent_statements_covered_display": "100"}, "missing_lines": [], "excluded_lines": [], "start_line": 11}, "ConnectionManager.connect": {"executed_lines": [16, 17, 18, 20], "summary": {"covered_lines": 4, "num_statements": 4, "percent_covered": 100.0, "percent_covered_display": "100", "missing_lines": 0, "excluded_lines": 0, "percent_statements_covered": 100.0, "percent_statements_covered_display": "100"}, "missing_lines": [], "excluded_lines": [], "start_line": 15}, "ConnectionManager.disconnect": {"executed_lines": [30, 31, 32, 33], "summary": {"covered_lines": 4, "num_statements": 4, "percent_covered": 100.0, "percent_covered_display": "100", "missing_lines": 0, "excluded_lines": 0, "percent_statements_covered": 100.0, "percent_statements_covered_display": "100"}, "missing_lines": [], "excluded_lines": [], "start_line": 29}, "ConnectionManager.send_personal_message": {"executed_lines": [36, 37, 38, 39], "summary": {"covered_lines": 4, "num_statements": 6, "percent_covered": 66.66666666666667, "percent_covered_display": "67", "missing_lines": 2, "excluded_lines": 0, "percent_statements_covered": 66.66666666666667, "percent_statements_covered_display": "67"}, "missing_lines": [40, 41], "excluded_lines": [], "start_line": 35}, "ConnectionManager.broadcast": {"executed_lines": [44, 45, 53, 54, 62], "summary": {"covered_lines": 5, "num_statements": 13, "percent_covered": 38.46153846153846, "percent_covered_display": "38", "missing_lines": 8, "excluded_lines": 0, "percent_statements_covered": 38.46153846153846, "percent_statements_covered_display": "38"}, "missing_lines": [51, 55, 56, 57, 58, 59, 60, 63], "excluded_lines": [], "start_line": 43}, "ConnectionManager.subscribe": {"executed_lines": [66, 68, 69], "summary": {"covered_lines": 3, "num_statements": 4, "percent_covered": 75.0, "percent_covered_display": "75", "missing_lines": 1, "excluded_lines": 0, "percent_statements_covered": 75.0, "percent_statements_covered_display": "75"}, "missing_lines": [67], "excluded_lines": [], "start_line": 65}, "ConnectionManager.unsubscribe": {"executed_lines": [72, 73], "summary": {"covered_lines": 2, "num_statements": 2, "percent_covered": 100.0, "percent_covered_display": "100", "missing_lines": 0, "excluded_lines": 0, "percent_statements_covered": 100.0, "percent_statements_covered_display": "100"}, "missing_lines": [], "excluded_lines": [], "start_line": 71}, "ConnectionManager.send_crawl_update": {"executed_lines": [76, 83], "summary": {"covered_lines": 2, "num_statements": 2, "percent_covered": 100.0, "percent_covered_display": "100", "missing_lines": 0, "excluded_lines": 0, "percent_statements_covered": 100.0, "percent_statements_covered_display": "100"}, "missing_lines": [], "excluded_lines": [], "start_line": 75}, "ConnectionManager.send_chat_update": {"executed_lines": [86, 93], "summary": {"covered_lines": 2, "num_statements": 2, "percent_covered": 100.0, "percent_covered_display": "100", "missing_lines": 0, "excluded_lines": 0, "percent_statements_covered": 100.0, "percent_statements_covered_display": "100"}, "missing_lines": [], "excluded_lines": [], "start_line": 85}, "ConnectionManager.send_data_notification": {"executed_lines": [98, 105], "summary": {"covered_lines": 2, "num_statements": 2, "percent_covered": 100.0, "percent_covered_display": "100", "missing_lines": 0, "excluded_lines": 0, "percent_statements_covered": 100.0, "percent_statements_covered_display": "100"}, "missing_lines": [], "excluded_lines": [], "start_line": 95}, "ConnectionManager.send_osint_scan_update": {"executed_lines": [110, 117], "summary": {"covered_lines": 2, "num_statements": 2, "percent_covered": 100.0, "percent_covered_display": "100", "missing_lines": 0, "excluded_lines": 0, "percent_statements_covered": 100.0, "percent_statements_covered_display": "100"}, "missing_lines": [], "excluded_lines": [], "start_line": 107}, "ConnectionManager.send_knowledge_graph_update": {"executed_lines": [122, 129], "summary": {"covered_lines": 2, "num_statements": 2, "percent_covered": 100.0, "percent_covered_display": "100", "missing_lines": 0, "excluded_lines": 0, "percent_statements_covered": 100.0, "percent_statements_covered_display": "100"}, "missing_lines": [], "excluded_lines": [], "start_line": 119}, "ConnectionManager.send_review_update": {"executed_lines": [134, 141], "summary": {"covered_lines": 2, "num_statements": 2, "percent_covered": 100.0, "percent_covered_display": "100", "missing_lines": 0, "excluded_lines": 0, "percent_statements_covered": 100.0, "percent_statements_covered_display": "100"}, "missing_lines": [], "excluded_lines": [], "start_line": 131}, "ConnectionManager.get_connection_count": {"executed_lines": [144], "summary": {"covered_lines": 1, "num_statements": 1, "percent_covered": 100.0, "percent_covered_display": "100", "missing_lines": 0, "excluded_lines": 0, "percent_statements_covered": 100.0, "percent_statements_covered_display": "100"}, "missing_lines": [], "excluded_lines": [], "start_line": 143}, "ConnectionManager.get_subscribers_count": {"executed_lines": [147], "summary": {"covered_lines": 1, "num_statements": 1, "percent_covered": 100.0, "percent_covered_display": "100", "missing_lines": 0, "excluded_lines": 0, "percent_statements_covered": 100.0, "percent_statements_covered_display": "100"}, "missing_lines": [], "excluded_lines": [], "start_line": 146}, "": {"executed_lines": [1, 2, 3, 6, 10, 11, 15, 29, 35, 43, 65, 71, 75, 85, 95, 107, 119, 131, 143, 146, 150], "summary": {"covered_lines": 21, "num_statements": 21, "percent_covered": 100.0, "percent_covered_display": "100", "missing_lines": 0, "excluded_lines": 0, "percent_statements_covered": 100.0, "percent_statements_covered_display": "100"}, "missing_lines": [], "excluded_lines": [], "start_line": 1}}, "classes": {"ConnectionManager": {"executed_lines": [12, 13, 16, 17, 18, 20, 30, 31, 32, 33, 36, 37, 38, 39, 44, 45, 53, 54, 62, 66, 68, 69, 72, 73, 76, 83, 86, 93, 98, 105, 110, 117, 122, 129, 134, 141, 144, 147], "summary": {"covered_lines": 38, "num_statements": 49, "percent_covered": 77.55102040816327, "percent_covered_display": "78", "missing_lines": 11, "excluded_lines": 0, "percent_statements_covered": 77.55102040816327, "percent_statements_covered_display": "78"}, "missing_lines": [40, 41, 51, 55, 56, 57, 58, 59, 60, 63, 67], "excluded_lines": [], "start_line": 10}, "": {"executed_lines": [1, 2, 3, 6, 7, 10, 11, 15, 29, 35, 43, 65, 71, 75, 85, 95, 107, 119, 131, 143, 146, 150], "summary": {"covered_lines": 22, "num_statements": 22, "percent_covered": 100.0, "percent_covered_display": "100", "missing_lines": 0, "excluded_lines": 0, "percent_statements_covered": 100.0, "percent_statements_covered_display": "100"}, "missing_lines": [], "excluded_lines": [], "start_line": 1}}}, "app/workers/__init__.py": {"executed_lines": [], "summary": {"covered_lines": 0, "num_statements": 0, "percent_covered": 100.0, "percent_covered_display": "100", "missing_lines": 0, "excluded_lines": 0, "percent_statements_covered": 100.0, "percent_statements_covered_display": "100"}, "missing_lines": [], "excluded_lines": [], "functions": {"": {"executed_lines": [], "summary": {"covered_lines": 0, "num_statements": 0, "percent_covered": 100.0, "percent_covered_display": "100", "missing_lines": 0, "excluded_lines": 0, "percent_statements_covered": 100.0, "percent_statements_covered_display": "100"}, "missing_lines": [], "excluded_lines": [], "start_line": 1}}, "classes": {"": {"executed_lines": [], "summary": {"covered_lines": 0, "num_statements": 0, "percent_covered": 100.0, "percent_covered_display": "100", "missing_lines": 0, "excluded_lines": 0, "percent_statements_covered": 100.0, "percent_statements_covered_display": "100"}, "missing_lines": [], "excluded_lines": [], "start_line": 1}}}, "app/workers/arq_worker.py": {"executed_lines": [], "summary": {"covered_lines": 0, "num_statements": 89, "percent_covered": 0.0, "percent_covered_display": "0", "missing_lines": 89, "excluded_lines": 0, "percent_statements_covered": 0.0, "percent_statements_covered_display": "0"}, "missing_lines": [16, 17, 18, 19, 21, 22, 24, 27, 29, 30, 31, 44, 55, 57, 58, 59, 60, 62, 64, 65, 66, 69, 70, 71, 72, 78, 84, 85, 86, 89, 106, 108, 121, 127, 128, 130, 132, 139, 140, 141, 143, 144, 145, 147, 150, 152, 154, 155, 156, 158, 159, 160, 162, 170, 176, 177, 178, 179, 180, 181, 182, 183, 190, 193, 196, 197, 198, 201, 216, 217, 218, 224, 225, 226, 227, 228, 231, 246, 247, 248, 254, 255, 256, 257, 258, 261, 264, 265, 266], "excluded_lines": [], "functions": {"_get_redis_settings": {"executed_lines": [], "summary": {"covered_lines": 0, "num_statements": 3, "percent_covered": 0.0, "percent_covered_display": "0", "missing_lines": 3, "excluded_lines": 0, "percent_statements_covered": 0.0, "percent_statements_covered_display": "0"}, "missing_lines": [29, 30, 31], "excluded_lines": [], "start_line": 27}, "crawl_task": {"executed_lines": [], "summary": {"covered_lines": 0, "num_statements": 17, "percent_covered": 0.0, "percent_covered_display": "0", "missing_lines": 17, "excluded_lines": 0, "percent_statements_covered": 0.0, "percent_statements_covered_display": "0"}, "missing_lines": [55, 57, 58, 59, 60, 62, 64, 65, 66, 69, 70, 71, 72, 78, 84, 85, 86], "excluded_lines": [], "start_line": 44}, "extract_task": {"executed_lines": [], "summary": {"covered_lines": 0, "num_statements": 2, "percent_covered": 0.0, "percent_covered_display": "0", "missing_lines": 2, "excluded_lines": 0, "percent_statements_covered": 0.0, "percent_statements_covered_display": "0"}, "missing_lines": [106, 108], "excluded_lines": [], "start_line": 89}, "startup": {"executed_lines": [], "summary": {"covered_lines": 0, "num_statements": 11, "percent_covered": 0.0, "percent_covered_display": "0", "missing_lines": 11, "excluded_lines": 0, "percent_statements_covered": 0.0, "percent_statements_covered_display": "0"}, "missing_lines": [127, 128, 130, 132, 139, 140, 141, 143, 144, 145, 147], "excluded_lines": [], "start_line": 121}, "shutdown": {"executed_lines": [], "summary": {"covered_lines": 0, "num_statements": 8, "percent_covered": 0.0, "percent_covered_display": "0", "missing_lines": 8, "excluded_lines": 0, "percent_statements_covered": 0.0, "percent_statements_covered_display": "0"}, "missing_lines": [152, 154, 155, 156, 158, 159, 160, 162], "excluded_lines": [], "start_line": 150}, "_get_pool": {"executed_lines": [], "summary": {"covered_lines": 0, "num_statements": 3, "percent_covered": 0.0, "percent_covered_display": "0", "missing_lines": 3, "excluded_lines": 0, "percent_statements_covered": 0.0, "percent_statements_covered_display": "0"}, "missing_lines": [196, 197, 198], "excluded_lines": [], "start_line": 193}, "enqueue_crawl": {"executed_lines": [], "summary": {"covered_lines": 0, "num_statements": 8, "percent_covered": 0.0, "percent_covered_display": "0", "missing_lines": 8, "excluded_lines": 0, "percent_statements_covered": 0.0, "percent_statements_covered_display": "0"}, "missing_lines": [216, 217, 218, 224, 225, 226, 227, 228], "excluded_lines": [], "start_line": 201}, "enqueue_extract": {"executed_lines": [], "summary": {"covered_lines": 0, "num_statements": 8, "percent_covered": 0.0, "percent_covered_display": "0", "missing_lines": 8, "excluded_lines": 0, "percent_statements_covered": 0.0, "percent_statements_covered_display": "0"}, "missing_lines": [246, 247, 248, 254, 255, 256, 257, 258], "excluded_lines": [], "start_line": 231}, "close_arq_pool": {"executed_lines": [], "summary": {"covered_lines": 0, "num_statements": 3, "percent_covered": 0.0, "percent_covered_display": "0", "missing_lines": 3, "excluded_lines": 0, "percent_statements_covered": 0.0, "percent_statements_covered_display": "0"}, "missing_lines": [264, 265, 266], "excluded_lines": [], "start_line": 261}, "": {"executed_lines": [], "summary": {"covered_lines": 0, "num_statements": 26, "percent_covered": 0.0, "percent_covered_display": "0", "missing_lines": 26, "excluded_lines": 0, "percent_statements_covered": 0.0, "percent_statements_covered_display": "0"}, "missing_lines": [16, 17, 18, 19, 21, 22, 24, 27, 44, 89, 121, 150, 170, 176, 177, 178, 179, 180, 181, 182, 183, 190, 193, 201, 231, 261], "excluded_lines": [], "start_line": 1}}, "classes": {"WorkerSettings": {"executed_lines": [], "summary": {"covered_lines": 0, "num_statements": 0, "percent_covered": 100.0, "percent_covered_display": "100", "missing_lines": 0, "excluded_lines": 0, "percent_statements_covered": 100.0, "percent_statements_covered_display": "100"}, "missing_lines": [], "excluded_lines": [], "start_line": 170}, "": {"executed_lines": [], "summary": {"covered_lines": 0, "num_statements": 89, "percent_covered": 0.0, "percent_covered_display": "0", "missing_lines": 89, "excluded_lines": 0, "percent_statements_covered": 0.0, "percent_statements_covered_display": "0"}, "missing_lines": [16, 17, 18, 19, 21, 22, 24, 27, 29, 30, 31, 44, 55, 57, 58, 59, 60, 62, 64, 65, 66, 69, 70, 71, 72, 78, 84, 85, 86, 89, 106, 108, 121, 127, 128, 130, 132, 139, 140, 141, 143, 144, 145, 147, 150, 152, 154, 155, 156, 158, 159, 160, 162, 170, 176, 177, 178, 179, 180, 181, 182, 183, 190, 193, 196, 197, 198, 201, 216, 217, 218, 224, 225, 226, 227, 228, 231, 246, 247, 248, 254, 255, 256, 257, 258, 261, 264, 265, 266], "excluded_lines": [], "start_line": 1}}}}, "totals": {"covered_lines": 7077, "num_statements": 12239, "percent_covered": 57.82335158101152, "percent_covered_display": "58", "missing_lines": 5162, "excluded_lines": 13, "percent_statements_covered": 57.82335158101152, "percent_statements_covered_display": "58"}}
